>>>>>>> keep backend logs:

{"asctime": "2024-04-29 11:36:27,654", "message": "Keep server starting", "levelname": "INFO", "name": "__config__", "filename": "config.py", "otelTraceID": null, "otelSpanID": null, "otelServiceName": null, "threadName": "MainThread", "process": 1, "module": "config"}
{"asctime": "2024-04-29 11:36:27,656", "message": "Migrating WorkflowToAlertExecution table", "levelname": "INFO", "name": "keep.api.core.db", "filename": "db.py", "otelTraceID": null, "otelSpanID": null, "otelServiceName": null, "threadName": "MainThread", "process": 1, "module": "db"}
{"asctime": "2024-04-29 11:36:27,666", "message": "Failed to migrate table", "levelname": "ERROR", "name": "keep.api.core.db", "filename": "db.py", "otelTraceID": null, "otelSpanID": null, "otelServiceName": null, "threadName": "MainThread", "process": 1, "module": "db", "exc_info": "Traceback (most recent call last):\n  File \"/venv/lib/python3.11/site-packages/sqlalchemy/engine/base.py\", line 1900, in _execute_context\n    self.dialect.do_execute(\n  File \"/venv/lib/python3.11/site-packages/sqlalchemy/engine/default.py\", line 736, in do_execute\n    cursor.execute(statement, parameters)\nsqlite3.OperationalError: no such table: information_schema.KEY_COLUMN_USAGE\n\nThe above exception was the direct cause of the following exception:\n\nTraceback (most recent call last):\n  File \"/venv/lib/python3.11/site-packages/keep/api/core/db.py\", line 146, in create_db_and_tables\n    results = session.exec(\n              ^^^^^^^^^^^^^\n  File \"/venv/lib/python3.11/site-packages/sqlmodel/orm/session.py\", line 60, in exec\n    results = super().execute(\n              ^^^^^^^^^^^^^^^^\n  File \"/venv/lib/python3.11/site-packages/sqlalchemy/orm/session.py\", line 1712, in execute\n    result = conn._execute_20(statement, params or {}, execution_options)\n             ^^^^^^^^^^^^^^^^^^^^^^^^^^^^^^^^^^^^^^^^^^^^^^^^^^^^^^^^^^^^\n  File \"/venv/lib/python3.11/site-packages/sqlalchemy/engine/base.py\", line 1705, in _execute_20\n    return meth(self, args_10style, kwargs_10style, execution_options)\n           ^^^^^^^^^^^^^^^^^^^^^^^^^^^^^^^^^^^^^^^^^^^^^^^^^^^^^^^^^^^\n  File \"/venv/lib/python3.11/site-packages/sqlalchemy/sql/elements.py\", line 333, in _execute_on_connection\n    return connection._execute_clauseelement(\n           ^^^^^^^^^^^^^^^^^^^^^^^^^^^^^^^^^^\n  File \"/venv/lib/python3.11/site-packages/sqlalchemy/engine/base.py\", line 1572, in _execute_clauseelement\n    ret = self._execute_context(\n          ^^^^^^^^^^^^^^^^^^^^^^\n  File \"/venv/lib/python3.11/site-packages/sqlalchemy/engine/base.py\", line 1943, in _execute_context\n    self._handle_dbapi_exception(\n  File \"/venv/lib/python3.11/site-packages/sqlalchemy/engine/base.py\", line 2124, in _handle_dbapi_exception\n    util.raise_(\n  File \"/venv/lib/python3.11/site-packages/sqlalchemy/util/compat.py\", line 208, in raise_\n    raise exception\n  File \"/venv/lib/python3.11/site-packages/sqlalchemy/engine/base.py\", line 1900, in _execute_context\n    self.dialect.do_execute(\n  File \"/venv/lib/python3.11/site-packages/sqlalchemy/engine/default.py\", line 736, in do_execute\n    cursor.execute(statement, parameters)\nsqlalchemy.exc.OperationalError: (sqlite3.OperationalError) no such table: information_schema.KEY_COLUMN_USAGE\n[SQL: SELECT CONSTRAINT_NAME FROM information_schema.KEY_COLUMN_USAGE  WHERE TABLE_SCHEMA = './db.sqlite3'  AND TABLE_NAME = 'workflowtoalertexecution' AND COLUMN_NAME = 'alert_fingerprint' /*db_driver='pysqlite',db_framework='sqlalchemy%%3A0.41b0'*/;]\n(Background on this error at: https://sqlalche.me/e/14/e3q8)"}
{"asctime": "2024-04-29 11:36:27,683", "message": "Failed to migrate workflowexecution table", "levelname": "ERROR", "name": "keep.api.core.db", "filename": "db.py", "otelTraceID": null, "otelSpanID": null, "otelServiceName": null, "threadName": "MainThread", "process": 1, "module": "db", "exc_info": "Traceback (most recent call last):\n  File \"/venv/lib/python3.11/site-packages/sqlalchemy/engine/base.py\", line 1900, in _execute_context\n    self.dialect.do_execute(\n  File \"/venv/lib/python3.11/site-packages/sqlalchemy/engine/default.py\", line 736, in do_execute\n    cursor.execute(statement, parameters)\nsqlite3.OperationalError: duplicate column name: is_running\n\nThe above exception was the direct cause of the following exception:\n\nTraceback (most recent call last):\n  File \"/venv/lib/python3.11/site-packages/keep/api/core/db.py\", line 258, in create_db_and_tables\n    session.exec(\n  File \"/venv/lib/python3.11/site-packages/sqlmodel/orm/session.py\", line 60, in exec\n    results = super().execute(\n              ^^^^^^^^^^^^^^^^\n  File \"/venv/lib/python3.11/site-packages/sqlalchemy/orm/session.py\", line 1712, in execute\n    result = conn._execute_20(statement, params or {}, execution_options)\n             ^^^^^^^^^^^^^^^^^^^^^^^^^^^^^^^^^^^^^^^^^^^^^^^^^^^^^^^^^^^^\n  File \"/venv/lib/python3.11/site-packages/sqlalchemy/engine/base.py\", line 1705, in _execute_20\n    return meth(self, args_10style, kwargs_10style, execution_options)\n           ^^^^^^^^^^^^^^^^^^^^^^^^^^^^^^^^^^^^^^^^^^^^^^^^^^^^^^^^^^^\n  File \"/venv/lib/python3.11/site-packages/sqlalchemy/sql/elements.py\", line 333, in _execute_on_connection\n    return connection._execute_clauseelement(\n           ^^^^^^^^^^^^^^^^^^^^^^^^^^^^^^^^^^\n  File \"/venv/lib/python3.11/site-packages/sqlalchemy/engine/base.py\", line 1572, in _execute_clauseelement\n    ret = self._execute_context(\n          ^^^^^^^^^^^^^^^^^^^^^^\n  File \"/venv/lib/python3.11/site-packages/sqlalchemy/engine/base.py\", line 1943, in _execute_context\n    self._handle_dbapi_exception(\n  File \"/venv/lib/python3.11/site-packages/sqlalchemy/engine/base.py\", line 2124, in _handle_dbapi_exception\n    util.raise_(\n  File \"/venv/lib/python3.11/site-packages/sqlalchemy/util/compat.py\", line 208, in raise_\n    raise exception\n  File \"/venv/lib/python3.11/site-packages/sqlalchemy/engine/base.py\", line 1900, in _execute_context\n    self.dialect.do_execute(\n  File \"/venv/lib/python3.11/site-packages/sqlalchemy/engine/default.py\", line 736, in do_execute\n    cursor.execute(statement, parameters)\nsqlalchemy.exc.OperationalError: (sqlite3.OperationalError) duplicate column name: is_running\n[SQL: ALTER TABLE workflowexecution ADD COLUMN is_running INTEGER DEFAULT 1, ADD COLUMN timeslot INTEGER /*db_driver='pysqlite',db_framework='sqlalchemy%%3A0.41b0'*/;]\n(Background on this error at: https://sqlalche.me/e/14/e3q8)"}
{"asctime": "2024-04-29 11:36:27,692", "message": "Migrating WorkflowToAlertExecution table", "levelname": "INFO", "name": "keep.api.core.db", "filename": "db.py", "otelTraceID": null, "otelSpanID": null, "otelServiceName": null, "threadName": "MainThread", "process": 1, "module": "db"}
{"asctime": "2024-04-29 11:36:27,693", "message": "Failed to migrate table", "levelname": "ERROR", "name": "keep.api.core.db", "filename": "db.py", "otelTraceID": null, "otelSpanID": null, "otelServiceName": null, "threadName": "MainThread", "process": 1, "module": "db", "exc_info": "Traceback (most recent call last):\n  File \"/venv/lib/python3.11/site-packages/sqlalchemy/engine/base.py\", line 1900, in _execute_context\n    self.dialect.do_execute(\n  File \"/venv/lib/python3.11/site-packages/sqlalchemy/engine/default.py\", line 736, in do_execute\n    cursor.execute(statement, parameters)\nsqlite3.OperationalError: no such table: information_schema.KEY_COLUMN_USAGE\n\nThe above exception was the direct cause of the following exception:\n\nTraceback (most recent call last):\n  File \"/venv/lib/python3.11/site-packages/keep/api/core/db.py\", line 146, in create_db_and_tables\n    results = session.exec(\n              ^^^^^^^^^^^^^\n  File \"/venv/lib/python3.11/site-packages/sqlmodel/orm/session.py\", line 60, in exec\n    results = super().execute(\n              ^^^^^^^^^^^^^^^^\n  File \"/venv/lib/python3.11/site-packages/sqlalchemy/orm/session.py\", line 1712, in execute\n    result = conn._execute_20(statement, params or {}, execution_options)\n             ^^^^^^^^^^^^^^^^^^^^^^^^^^^^^^^^^^^^^^^^^^^^^^^^^^^^^^^^^^^^\n  File \"/venv/lib/python3.11/site-packages/sqlalchemy/engine/base.py\", line 1705, in _execute_20\n    return meth(self, args_10style, kwargs_10style, execution_options)\n           ^^^^^^^^^^^^^^^^^^^^^^^^^^^^^^^^^^^^^^^^^^^^^^^^^^^^^^^^^^^\n  File \"/venv/lib/python3.11/site-packages/sqlalchemy/sql/elements.py\", line 333, in _execute_on_connection\n    return connection._execute_clauseelement(\n           ^^^^^^^^^^^^^^^^^^^^^^^^^^^^^^^^^^\n  File \"/venv/lib/python3.11/site-packages/sqlalchemy/engine/base.py\", line 1572, in _execute_clauseelement\n    ret = self._execute_context(\n          ^^^^^^^^^^^^^^^^^^^^^^\n  File \"/venv/lib/python3.11/site-packages/sqlalchemy/engine/base.py\", line 1943, in _execute_context\n    self._handle_dbapi_exception(\n  File \"/venv/lib/python3.11/site-packages/sqlalchemy/engine/base.py\", line 2124, in _handle_dbapi_exception\n    util.raise_(\n  File \"/venv/lib/python3.11/site-packages/sqlalchemy/util/compat.py\", line 208, in raise_\n    raise exception\n  File \"/venv/lib/python3.11/site-packages/sqlalchemy/engine/base.py\", line 1900, in _execute_context\n    self.dialect.do_execute(\n  File \"/venv/lib/python3.11/site-packages/sqlalchemy/engine/default.py\", line 736, in do_execute\n    cursor.execute(statement, parameters)\nsqlalchemy.exc.OperationalError: (sqlite3.OperationalError) no such table: information_schema.KEY_COLUMN_USAGE\n[SQL: SELECT CONSTRAINT_NAME FROM information_schema.KEY_COLUMN_USAGE  WHERE TABLE_SCHEMA = './db.sqlite3'  AND TABLE_NAME = 'workflowtoalertexecution' AND COLUMN_NAME = 'alert_fingerprint' /*db_driver='pysqlite',db_framework='sqlalchemy%%3A0.41b0'*/;]\n(Background on this error at: https://sqlalche.me/e/14/e3q8)"}
{"asctime": "2024-04-29 11:36:27,697", "message": "Failed to migrate workflowexecution table", "levelname": "ERROR", "name": "keep.api.core.db", "filename": "db.py", "otelTraceID": null, "otelSpanID": null, "otelServiceName": null, "threadName": "MainThread", "process": 1, "module": "db", "exc_info": "Traceback (most recent call last):\n  File \"/venv/lib/python3.11/site-packages/sqlalchemy/engine/base.py\", line 1900, in _execute_context\n    self.dialect.do_execute(\n  File \"/venv/lib/python3.11/site-packages/sqlalchemy/engine/default.py\", line 736, in do_execute\n    cursor.execute(statement, parameters)\nsqlite3.OperationalError: duplicate column name: is_running\n\nThe above exception was the direct cause of the following exception:\n\nTraceback (most recent call last):\n  File \"/venv/lib/python3.11/site-packages/keep/api/core/db.py\", line 258, in create_db_and_tables\n    session.exec(\n  File \"/venv/lib/python3.11/site-packages/sqlmodel/orm/session.py\", line 60, in exec\n    results = super().execute(\n              ^^^^^^^^^^^^^^^^\n  File \"/venv/lib/python3.11/site-packages/sqlalchemy/orm/session.py\", line 1712, in execute\n    result = conn._execute_20(statement, params or {}, execution_options)\n             ^^^^^^^^^^^^^^^^^^^^^^^^^^^^^^^^^^^^^^^^^^^^^^^^^^^^^^^^^^^^\n  File \"/venv/lib/python3.11/site-packages/sqlalchemy/engine/base.py\", line 1705, in _execute_20\n    return meth(self, args_10style, kwargs_10style, execution_options)\n           ^^^^^^^^^^^^^^^^^^^^^^^^^^^^^^^^^^^^^^^^^^^^^^^^^^^^^^^^^^^\n  File \"/venv/lib/python3.11/site-packages/sqlalchemy/sql/elements.py\", line 333, in _execute_on_connection\n    return connection._execute_clauseelement(\n           ^^^^^^^^^^^^^^^^^^^^^^^^^^^^^^^^^^\n  File \"/venv/lib/python3.11/site-packages/sqlalchemy/engine/base.py\", line 1572, in _execute_clauseelement\n    ret = self._execute_context(\n          ^^^^^^^^^^^^^^^^^^^^^^\n  File \"/venv/lib/python3.11/site-packages/sqlalchemy/engine/base.py\", line 1943, in _execute_context\n    self._handle_dbapi_exception(\n  File \"/venv/lib/python3.11/site-packages/sqlalchemy/engine/base.py\", line 2124, in _handle_dbapi_exception\n    util.raise_(\n  File \"/venv/lib/python3.11/site-packages/sqlalchemy/util/compat.py\", line 208, in raise_\n    raise exception\n  File \"/venv/lib/python3.11/site-packages/sqlalchemy/engine/base.py\", line 1900, in _execute_context\n    self.dialect.do_execute(\n  File \"/venv/lib/python3.11/site-packages/sqlalchemy/engine/default.py\", line 736, in do_execute\n    cursor.execute(statement, parameters)\nsqlalchemy.exc.OperationalError: (sqlite3.OperationalError) duplicate column name: is_running\n[SQL: ALTER TABLE workflowexecution ADD COLUMN is_running INTEGER DEFAULT 1, ADD COLUMN timeslot INTEGER /*db_driver='pysqlite',db_framework='sqlalchemy%%3A0.41b0'*/;]\n(Background on this error at: https://sqlalche.me/e/14/e3q8)"}
{"asctime": "2024-04-29 11:36:27,719", "message": "Single tenant already exists", "levelname": "INFO", "name": "keep.api.core.db", "filename": "db.py", "otelTraceID": null, "otelSpanID": null, "otelServiceName": null, "threadName": "MainThread", "process": 1, "module": "db"}
{"asctime": "2024-04-29 11:36:27,722", "message": "Keep server started", "levelname": "INFO", "name": "__config__", "filename": "config.py", "otelTraceID": null, "otelSpanID": null, "otelServiceName": null, "threadName": "MainThread", "process": 1, "module": "config"}
[2024-04-29 11:36:27 +0000] [1] [INFO] Listening at: http://0.0.0.0:8080 (1)
[2024-04-29 11:36:27 +0000] [1] [INFO] Using worker: uvicorn.workers.UvicornWorker
[2024-04-29 11:36:27 +0000] [11] [INFO] Booting worker with pid: 11
{"asctime": "2024-04-29 11:36:27,758", "message": "Starting Keep with http://0.0.0.0:8080 as URL", "levelname": "INFO", "name": "keep.api.api", "filename": "api.py", "otelTraceID": null, "otelSpanID": null, "otelServiceName": null, "threadName": "MainThread", "process": 11, "module": "api"}
[2024-04-29 11:36:27 +0000] [12] [INFO] Booting worker with pid: 12
{"asctime": "2024-04-29 11:36:27,810", "message": "Starting Keep with http://0.0.0.0:8080 as URL", "levelname": "INFO", "name": "keep.api.api", "filename": "api.py", "otelTraceID": null, "otelSpanID": null, "otelServiceName": null, "threadName": "MainThread", "process": 12, "module": "api"}
{"asctime": "2024-04-29 11:36:27,817", "message": "Starting Keep with authentication type: NO_AUTH", "levelname": "INFO", "name": "keep.api.api", "filename": "api.py", "otelTraceID": null, "otelSpanID": null, "otelServiceName": null, "threadName": "MainThread", "process": 11, "module": "api"}
[2024-04-29 11:36:27 +0000] [13] [INFO] Booting worker with pid: 13
[2024-04-29 11:36:27 +0000] [11] [WARNING] ASGI app factory detected. Using it, but please consider setting the --factory flag explicitly.
[2024-04-29 11:36:27 +0000] [11] [INFO] Started server process [11]
[2024-04-29 11:36:27 +0000] [11] [INFO] Waiting for application startup.
{"asctime": "2024-04-29 11:36:27,839", "message": "Loading providers into cache", "levelname": "INFO", "name": "keep.api.api", "filename": "api.py", "otelTraceID": "0", "otelSpanID": "0", "otelServiceName": "keep-api", "threadName": "MainThread", "process": 11, "module": "api", "otelTraceSampled": false}
{"asctime": "2024-04-29 11:36:27,840", "message": "Loading providers", "levelname": "INFO", "name": "keep.providers.providers_factory", "filename": "providers_factory.py", "otelTraceID": "0", "otelSpanID": "0", "otelServiceName": "keep-api", "threadName": "MainThread", "process": 11, "module": "providers_factory", "otelTraceSampled": false}
{"asctime": "2024-04-29 11:36:27,858", "message": "Starting Keep with http://0.0.0.0:8080 as URL", "levelname": "INFO", "name": "keep.api.api", "filename": "api.py", "otelTraceID": null, "otelSpanID": null, "otelServiceName": null, "threadName": "MainThread", "process": 13, "module": "api"}
{"asctime": "2024-04-29 11:36:27,884", "message": "Starting Keep with authentication type: NO_AUTH", "levelname": "INFO", "name": "keep.api.api", "filename": "api.py", "otelTraceID": null, "otelSpanID": null, "otelServiceName": null, "threadName": "MainThread", "process": 12, "module": "api"}
[2024-04-29 11:36:27 +0000] [16] [INFO] Booting worker with pid: 16
[2024-04-29 11:36:27 +0000] [12] [WARNING] ASGI app factory detected. Using it, but please consider setting the --factory flag explicitly.
[2024-04-29 11:36:27 +0000] [12] [INFO] Started server process [12]
[2024-04-29 11:36:27 +0000] [12] [INFO] Waiting for application startup.
{"asctime": "2024-04-29 11:36:27,916", "message": "Loading providers into cache", "levelname": "INFO", "name": "keep.api.api", "filename": "api.py", "otelTraceID": "0", "otelSpanID": "0", "otelServiceName": "keep-api", "threadName": "MainThread", "process": 12, "module": "api", "otelTraceSampled": false}
{"asctime": "2024-04-29 11:36:27,919", "message": "Loading providers", "levelname": "INFO", "name": "keep.providers.providers_factory", "filename": "providers_factory.py", "otelTraceID": "0", "otelSpanID": "0", "otelServiceName": "keep-api", "threadName": "MainThread", "process": 12, "module": "providers_factory", "otelTraceSampled": false}
{"asctime": "2024-04-29 11:36:27,924", "message": "Starting Keep with http://0.0.0.0:8080 as URL", "levelname": "INFO", "name": "keep.api.api", "filename": "api.py", "otelTraceID": null, "otelSpanID": null, "otelServiceName": null, "threadName": "MainThread", "process": 16, "module": "api"}
{"asctime": "2024-04-29 11:36:27,969", "message": "Starting Keep with authentication type: NO_AUTH", "levelname": "INFO", "name": "keep.api.api", "filename": "api.py", "otelTraceID": null, "otelSpanID": null, "otelServiceName": null, "threadName": "MainThread", "process": 13, "module": "api"}
[2024-04-29 11:36:27 +0000] [13] [WARNING] ASGI app factory detected. Using it, but please consider setting the --factory flag explicitly.
[2024-04-29 11:36:27 +0000] [13] [INFO] Started server process [13]
[2024-04-29 11:36:27 +0000] [13] [INFO] Waiting for application startup.
{"asctime": "2024-04-29 11:36:27,994", "message": "Loading providers into cache", "levelname": "INFO", "name": "keep.api.api", "filename": "api.py", "otelTraceID": "0", "otelSpanID": "0", "otelServiceName": "keep-api", "threadName": "MainThread", "process": 13, "module": "api", "otelTraceSampled": false}
{"asctime": "2024-04-29 11:36:27,994", "message": "Loading providers", "levelname": "INFO", "name": "keep.providers.providers_factory", "filename": "providers_factory.py", "otelTraceID": "0", "otelSpanID": "0", "otelServiceName": "keep-api", "threadName": "MainThread", "process": 13, "module": "providers_factory", "otelTraceSampled": false}
{"asctime": "2024-04-29 11:36:28,029", "message": "Starting Keep with authentication type: NO_AUTH", "levelname": "INFO", "name": "keep.api.api", "filename": "api.py", "otelTraceID": null, "otelSpanID": null, "otelServiceName": null, "threadName": "MainThread", "process": 16, "module": "api"}
[2024-04-29 11:36:28 +0000] [16] [WARNING] ASGI app factory detected. Using it, but please consider setting the --factory flag explicitly.
[2024-04-29 11:36:28 +0000] [16] [INFO] Started server process [16]
[2024-04-29 11:36:28 +0000] [16] [INFO] Waiting for application startup.
{"asctime": "2024-04-29 11:36:28,124", "message": "Loading providers into cache", "levelname": "INFO", "name": "keep.api.api", "filename": "api.py", "otelTraceID": "0", "otelSpanID": "0", "otelServiceName": "keep-api", "threadName": "MainThread", "process": 16, "module": "api", "otelTraceSampled": false}
{"asctime": "2024-04-29 11:36:28,127", "message": "Loading providers", "levelname": "INFO", "name": "keep.providers.providers_factory", "filename": "providers_factory.py", "otelTraceID": "0", "otelSpanID": "0", "otelServiceName": "keep-api", "threadName": "MainThread", "process": 16, "module": "providers_factory", "otelTraceSampled": false}
{"asctime": "2024-04-29 11:36:31,539", "message": "Providers loaded successfully", "levelname": "INFO", "name": "keep.api.api", "filename": "api.py", "otelTraceID": "0", "otelSpanID": "0", "otelServiceName": "keep-api", "threadName": "MainThread", "process": 13, "module": "api", "otelTraceSampled": false}
{"asctime": "2024-04-29 11:36:31,539", "message": "Starting the services", "levelname": "INFO", "name": "keep.api.api", "filename": "api.py", "otelTraceID": "0", "otelSpanID": "0", "otelServiceName": "keep-api", "threadName": "MainThread", "process": 13, "module": "api", "otelTraceSampled": false}
{"asctime": "2024-04-29 11:36:31,539", "message": "Starting the scheduler", "levelname": "INFO", "name": "keep.api.api", "filename": "api.py", "otelTraceID": "0", "otelSpanID": "0", "otelServiceName": "keep-api", "threadName": "MainThread", "process": 13, "module": "api", "otelTraceSampled": false}
{"asctime": "2024-04-29 11:36:31,540", "message": "Starting workflows scheduler", "levelname": "INFO", "name": "keep.workflowmanager.workflowscheduler", "filename": "workflowscheduler.py", "otelTraceID": "0", "otelSpanID": "0", "otelServiceName": "keep-api", "threadName": "MainThread", "process": 13, "module": "workflowscheduler", "otelTraceSampled": false}
{"asctime": "2024-04-29 11:36:31,540", "message": "Starting workflows scheduler", "levelname": "INFO", "name": "keep.workflowmanager.workflowscheduler", "filename": "workflowscheduler.py", "otelTraceID": "0", "otelSpanID": "0", "otelServiceName": "keep-api", "threadName": "Thread-2 (_start)", "process": 13, "module": "workflowscheduler", "otelTraceSampled": false}
{"asctime": "2024-04-29 11:36:31,542", "message": "Workflows scheduler started", "levelname": "INFO", "name": "keep.workflowmanager.workflowscheduler", "filename": "workflowscheduler.py", "otelTraceID": "0", "otelSpanID": "0", "otelServiceName": "keep-api", "threadName": "MainThread", "process": 13, "module": "workflowscheduler", "otelTraceSampled": false}
{"asctime": "2024-04-29 11:36:31,547", "message": "Scheduler started successfully", "levelname": "INFO", "name": "keep.api.api", "filename": "api.py", "otelTraceID": "0", "otelSpanID": "0", "otelServiceName": "keep-api", "threadName": "MainThread", "process": 13, "module": "api", "otelTraceSampled": false}
{"asctime": "2024-04-29 11:36:31,548", "message": "Starting the consumer", "levelname": "INFO", "name": "keep.api.api", "filename": "api.py", "otelTraceID": "0", "otelSpanID": "0", "otelServiceName": "keep-api", "threadName": "MainThread", "process": 13, "module": "api", "otelTraceSampled": false}
{"asctime": "2024-04-29 11:36:31,548", "message": "Starting event subscriber", "levelname": "INFO", "name": "keep.event_subscriber.event_subscriber", "filename": "event_subscriber.py", "otelTraceID": "0", "otelSpanID": "0", "otelServiceName": "keep-api", "threadName": "MainThread", "process": 13, "module": "event_subscriber", "otelTraceSampled": false}
{"asctime": "2024-04-29 11:36:31,552", "message": "Providers loaded successfully", "levelname": "INFO", "name": "keep.api.api", "filename": "api.py", "otelTraceID": "0", "otelSpanID": "0", "otelServiceName": "keep-api", "threadName": "MainThread", "process": 16, "module": "api", "otelTraceSampled": false}
{"asctime": "2024-04-29 11:36:31,552", "message": "Starting the services", "levelname": "INFO", "name": "keep.api.api", "filename": "api.py", "otelTraceID": "0", "otelSpanID": "0", "otelServiceName": "keep-api", "threadName": "MainThread", "process": 16, "module": "api", "otelTraceSampled": false}
{"asctime": "2024-04-29 11:36:31,552", "message": "Starting the scheduler", "levelname": "INFO", "name": "keep.api.api", "filename": "api.py", "otelTraceID": "0", "otelSpanID": "0", "otelServiceName": "keep-api", "threadName": "MainThread", "process": 16, "module": "api", "otelTraceSampled": false}
{"asctime": "2024-04-29 11:36:31,552", "message": "Consumer started successfully", "levelname": "INFO", "name": "keep.api.api", "filename": "api.py", "otelTraceID": "0", "otelSpanID": "0", "otelServiceName": "keep-api", "threadName": "MainThread", "process": 13, "module": "api", "otelTraceSampled": false}
{"asctime": "2024-04-29 11:36:31,552", "message": "Services started successfully", "levelname": "INFO", "name": "keep.api.api", "filename": "api.py", "otelTraceID": "0", "otelSpanID": "0", "otelServiceName": "keep-api", "threadName": "MainThread", "process": 13, "module": "api", "otelTraceSampled": false}
{"asctime": "2024-04-29 11:36:31,552", "message": "Starting workflows scheduler", "levelname": "INFO", "name": "keep.workflowmanager.workflowscheduler", "filename": "workflowscheduler.py", "otelTraceID": "0", "otelSpanID": "0", "otelServiceName": "keep-api", "threadName": "MainThread", "process": 16, "module": "workflowscheduler", "otelTraceSampled": false}
[2024-04-29 11:36:31 +0000] [13] [INFO] Application startup complete.
{"asctime": "2024-04-29 11:36:31,553", "message": "Starting workflows scheduler", "levelname": "INFO", "name": "keep.workflowmanager.workflowscheduler", "filename": "workflowscheduler.py", "otelTraceID": "0", "otelSpanID": "0", "otelServiceName": "keep-api", "threadName": "Thread-2 (_start)", "process": 16, "module": "workflowscheduler", "otelTraceSampled": false}
{"asctime": "2024-04-29 11:36:31,561", "message": "Workflows scheduler started", "levelname": "INFO", "name": "keep.workflowmanager.workflowscheduler", "filename": "workflowscheduler.py", "otelTraceID": "0", "otelSpanID": "0", "otelServiceName": "keep-api", "threadName": "MainThread", "process": 16, "module": "workflowscheduler", "otelTraceSampled": false}
{"asctime": "2024-04-29 11:36:31,561", "message": "Scheduler started successfully", "levelname": "INFO", "name": "keep.api.api", "filename": "api.py", "otelTraceID": "0", "otelSpanID": "0", "otelServiceName": "keep-api", "threadName": "MainThread", "process": 16, "module": "api", "otelTraceSampled": false}
{"asctime": "2024-04-29 11:36:31,561", "message": "Starting the consumer", "levelname": "INFO", "name": "keep.api.api", "filename": "api.py", "otelTraceID": "0", "otelSpanID": "0", "otelServiceName": "keep-api", "threadName": "MainThread", "process": 16, "module": "api", "otelTraceSampled": false}
{"asctime": "2024-04-29 11:36:31,561", "message": "Starting event subscriber", "levelname": "INFO", "name": "keep.event_subscriber.event_subscriber", "filename": "event_subscriber.py", "otelTraceID": "0", "otelSpanID": "0", "otelServiceName": "keep-api", "threadName": "MainThread", "process": 16, "module": "event_subscriber", "otelTraceSampled": false}
{"asctime": "2024-04-29 11:36:31,564", "message": "Providers loaded successfully", "levelname": "INFO", "name": "keep.api.api", "filename": "api.py", "otelTraceID": "0", "otelSpanID": "0", "otelServiceName": "keep-api", "threadName": "MainThread", "process": 11, "module": "api", "otelTraceSampled": false}
{"asctime": "2024-04-29 11:36:31,565", "message": "Starting the services", "levelname": "INFO", "name": "keep.api.api", "filename": "api.py", "otelTraceID": "0", "otelSpanID": "0", "otelServiceName": "keep-api", "threadName": "MainThread", "process": 11, "module": "api", "otelTraceSampled": false}
{"asctime": "2024-04-29 11:36:31,565", "message": "Starting the scheduler", "levelname": "INFO", "name": "keep.api.api", "filename": "api.py", "otelTraceID": "0", "otelSpanID": "0", "otelServiceName": "keep-api", "threadName": "MainThread", "process": 11, "module": "api", "otelTraceSampled": false}
{"asctime": "2024-04-29 11:36:31,565", "message": "Starting workflows scheduler", "levelname": "INFO", "name": "keep.workflowmanager.workflowscheduler", "filename": "workflowscheduler.py", "otelTraceID": "0", "otelSpanID": "0", "otelServiceName": "keep-api", "threadName": "MainThread", "process": 11, "module": "workflowscheduler", "otelTraceSampled": false}
{"asctime": "2024-04-29 11:36:31,565", "message": "Starting workflows scheduler", "levelname": "INFO", "name": "keep.workflowmanager.workflowscheduler", "filename": "workflowscheduler.py", "otelTraceID": "0", "otelSpanID": "0", "otelServiceName": "keep-api", "threadName": "Thread-2 (_start)", "process": 11, "module": "workflowscheduler", "otelTraceSampled": false}
[2024-04-29 11:36:31 +0000] [16] [INFO] Application startup complete.
{"asctime": "2024-04-29 11:36:31,565", "message": "Consumer started successfully", "levelname": "INFO", "name": "keep.api.api", "filename": "api.py", "otelTraceID": "0", "otelSpanID": "0", "otelServiceName": "keep-api", "threadName": "MainThread", "process": 16, "module": "api", "otelTraceSampled": false}
{"asctime": "2024-04-29 11:36:31,565", "message": "Services started successfully", "levelname": "INFO", "name": "keep.api.api", "filename": "api.py", "otelTraceID": "0", "otelSpanID": "0", "otelServiceName": "keep-api", "threadName": "MainThread", "process": 16, "module": "api", "otelTraceSampled": false}
{"asctime": "2024-04-29 11:36:31,569", "message": "Workflows scheduler started", "levelname": "INFO", "name": "keep.workflowmanager.workflowscheduler", "filename": "workflowscheduler.py", "otelTraceID": "0", "otelSpanID": "0", "otelServiceName": "keep-api", "threadName": "MainThread", "process": 11, "module": "workflowscheduler", "otelTraceSampled": false}
{"asctime": "2024-04-29 11:36:31,573", "message": "Scheduler started successfully", "levelname": "INFO", "name": "keep.api.api", "filename": "api.py", "otelTraceID": "0", "otelSpanID": "0", "otelServiceName": "keep-api", "threadName": "MainThread", "process": 11, "module": "api", "otelTraceSampled": false}
{"asctime": "2024-04-29 11:36:31,573", "message": "Starting the consumer", "levelname": "INFO", "name": "keep.api.api", "filename": "api.py", "otelTraceID": "0", "otelSpanID": "0", "otelServiceName": "keep-api", "threadName": "MainThread", "process": 11, "module": "api", "otelTraceSampled": false}
{"asctime": "2024-04-29 11:36:31,573", "message": "Starting event subscriber", "levelname": "INFO", "name": "keep.event_subscriber.event_subscriber", "filename": "event_subscriber.py", "otelTraceID": "0", "otelSpanID": "0", "otelServiceName": "keep-api", "threadName": "MainThread", "process": 11, "module": "event_subscriber", "otelTraceSampled": false}
{"asctime": "2024-04-29 11:36:31,579", "message": "Consumer started successfully", "levelname": "INFO", "name": "keep.api.api", "filename": "api.py", "otelTraceID": "0", "otelSpanID": "0", "otelServiceName": "keep-api", "threadName": "MainThread", "process": 11, "module": "api", "otelTraceSampled": false}
{"asctime": "2024-04-29 11:36:31,580", "message": "Services started successfully", "levelname": "INFO", "name": "keep.api.api", "filename": "api.py", "otelTraceID": "0", "otelSpanID": "0", "otelServiceName": "keep-api", "threadName": "MainThread", "process": 11, "module": "api", "otelTraceSampled": false}
[2024-04-29 11:36:31 +0000] [11] [INFO] Application startup complete.
{"asctime": "2024-04-29 11:36:31,607", "message": "Providers loaded successfully", "levelname": "INFO", "name": "keep.api.api", "filename": "api.py", "otelTraceID": "0", "otelSpanID": "0", "otelServiceName": "keep-api", "threadName": "MainThread", "process": 12, "module": "api", "otelTraceSampled": false}
{"asctime": "2024-04-29 11:36:31,608", "message": "Starting the services", "levelname": "INFO", "name": "keep.api.api", "filename": "api.py", "otelTraceID": "0", "otelSpanID": "0", "otelServiceName": "keep-api", "threadName": "MainThread", "process": 12, "module": "api", "otelTraceSampled": false}
{"asctime": "2024-04-29 11:36:31,608", "message": "Starting the scheduler", "levelname": "INFO", "name": "keep.api.api", "filename": "api.py", "otelTraceID": "0", "otelSpanID": "0", "otelServiceName": "keep-api", "threadName": "MainThread", "process": 12, "module": "api", "otelTraceSampled": false}
{"asctime": "2024-04-29 11:36:31,608", "message": "Starting workflows scheduler", "levelname": "INFO", "name": "keep.workflowmanager.workflowscheduler", "filename": "workflowscheduler.py", "otelTraceID": "0", "otelSpanID": "0", "otelServiceName": "keep-api", "threadName": "MainThread", "process": 12, "module": "workflowscheduler", "otelTraceSampled": false}
{"asctime": "2024-04-29 11:36:31,608", "message": "Starting workflows scheduler", "levelname": "INFO", "name": "keep.workflowmanager.workflowscheduler", "filename": "workflowscheduler.py", "otelTraceID": "0", "otelSpanID": "0", "otelServiceName": "keep-api", "threadName": "Thread-2 (_start)", "process": 12, "module": "workflowscheduler", "otelTraceSampled": false}
{"asctime": "2024-04-29 11:36:31,611", "message": "Workflows scheduler started", "levelname": "INFO", "name": "keep.workflowmanager.workflowscheduler", "filename": "workflowscheduler.py", "otelTraceID": "0", "otelSpanID": "0", "otelServiceName": "keep-api", "threadName": "MainThread", "process": 12, "module": "workflowscheduler", "otelTraceSampled": false}
{"asctime": "2024-04-29 11:36:31,611", "message": "Scheduler started successfully", "levelname": "INFO", "name": "keep.api.api", "filename": "api.py", "otelTraceID": "0", "otelSpanID": "0", "otelServiceName": "keep-api", "threadName": "MainThread", "process": 12, "module": "api", "otelTraceSampled": false}
{"asctime": "2024-04-29 11:36:31,611", "message": "Starting the consumer", "levelname": "INFO", "name": "keep.api.api", "filename": "api.py", "otelTraceID": "0", "otelSpanID": "0", "otelServiceName": "keep-api", "threadName": "MainThread", "process": 12, "module": "api", "otelTraceSampled": false}
{"asctime": "2024-04-29 11:36:31,611", "message": "Starting event subscriber", "levelname": "INFO", "name": "keep.event_subscriber.event_subscriber", "filename": "event_subscriber.py", "otelTraceID": "0", "otelSpanID": "0", "otelServiceName": "keep-api", "threadName": "MainThread", "process": 12, "module": "event_subscriber", "otelTraceSampled": false}
{"asctime": "2024-04-29 11:36:31,618", "message": "Consumer started successfully", "levelname": "INFO", "name": "keep.api.api", "filename": "api.py", "otelTraceID": "0", "otelSpanID": "0", "otelServiceName": "keep-api", "threadName": "MainThread", "process": 12, "module": "api", "otelTraceSampled": false}
{"asctime": "2024-04-29 11:36:31,618", "message": "Services started successfully", "levelname": "INFO", "name": "keep.api.api", "filename": "api.py", "otelTraceID": "0", "otelSpanID": "0", "otelServiceName": "keep-api", "threadName": "MainThread", "process": 12, "module": "api", "otelTraceSampled": false}
[2024-04-29 11:36:31 +0000] [12] [INFO] Application startup complete.
{"asctime": "2024-04-29 11:36:48,163", "message": "Request started: GET /preset", "levelname": "INFO", "name": "keep.api.api", "filename": "api.py", "otelTraceID": "f9652f9f6dd3bd3a736b63642b4263cf", "otelSpanID": "89de71969eae550d", "otelServiceName": "keep-api", "threadName": "MainThread", "process": 13, "module": "api", "otelTraceSampled": true}
{"asctime": "2024-04-29 11:36:48,169", "message": "Getting all presets", "levelname": "INFO", "name": "keep.api.routes.preset", "filename": "preset.py", "otelTraceID": "f9652f9f6dd3bd3a736b63642b4263cf", "otelSpanID": "89de71969eae550d", "otelServiceName": "keep-api", "threadName": "AnyIO worker thread", "process": 13, "module": "preset", "otelTraceSampled": true}
{"asctime": "2024-04-29 11:36:48,180", "message": "Request started: GET /providers", "levelname": "INFO", "name": "keep.api.api", "filename": "api.py", "otelTraceID": "e7d3d7281e272ecba0210d2a20b933a8", "otelSpanID": "bf06befeabb4ef9a", "otelServiceName": "keep-api", "threadName": "MainThread", "process": 13, "module": "api", "otelTraceSampled": true}
{"asctime": "2024-04-29 11:36:48,186", "message": "Getting installed providers", "levelname": "INFO", "name": "keep.api.routes.providers", "filename": "providers.py", "otelTraceID": "e7d3d7281e272ecba0210d2a20b933a8", "otelSpanID": "bf06befeabb4ef9a", "otelServiceName": "keep-api", "threadName": "AnyIO worker thread", "process": 13, "module": "providers", "otelTraceSampled": true, "tenant_id": "keep"}
{"asctime": "2024-04-29 11:36:48,186", "message": "Using cached providers", "levelname": "INFO", "name": "keep.providers.providers_factory", "filename": "providers_factory.py", "otelTraceID": "e7d3d7281e272ecba0210d2a20b933a8", "otelSpanID": "bf06befeabb4ef9a", "otelServiceName": "keep-api", "threadName": "AnyIO worker thread", "process": 13, "module": "providers_factory", "otelTraceSampled": true}
{"asctime": "2024-04-29 11:36:48,192", "message": "Got all presets", "levelname": "INFO", "name": "keep.api.routes.preset", "filename": "preset.py", "otelTraceID": "f9652f9f6dd3bd3a736b63642b4263cf", "otelSpanID": "89de71969eae550d", "otelServiceName": "keep-api", "threadName": "AnyIO worker thread", "process": 13, "module": "preset", "otelTraceSampled": true}
{"asctime": "2024-04-29 11:36:48,198", "message": "Request finished: GET /preset 200", "levelname": "INFO", "name": "keep.api.api", "filename": "api.py", "otelTraceID": "f9652f9f6dd3bd3a736b63642b4263cf", "otelSpanID": "89de71969eae550d", "otelServiceName": "keep-api", "threadName": "MainThread", "process": 13, "module": "api", "otelTraceSampled": true}
{"asctime": "2024-04-29 11:36:48,208", "message": "Using cached providers", "levelname": "INFO", "name": "keep.providers.providers_factory", "filename": "providers_factory.py", "otelTraceID": "e7d3d7281e272ecba0210d2a20b933a8", "otelSpanID": "bf06befeabb4ef9a", "otelServiceName": "keep-api", "threadName": "AnyIO worker thread", "process": 13, "module": "providers_factory", "otelTraceSampled": true}
{"asctime": "2024-04-29 11:36:48,234", "message": "Request finished: GET /providers 200", "levelname": "INFO", "name": "keep.api.api", "filename": "api.py", "otelTraceID": "e7d3d7281e272ecba0210d2a20b933a8", "otelSpanID": "bf06befeabb4ef9a", "otelServiceName": "keep-api", "threadName": "MainThread", "process": 13, "module": "api", "otelTraceSampled": true}
{"asctime": "2024-04-29 11:37:12,598", "message": "Request started: GET /preset", "levelname": "INFO", "name": "keep.api.api", "filename": "api.py", "otelTraceID": "7c981d26242ea83aa69f8dfb94c814c2", "otelSpanID": "9c5c021b524063b3", "otelServiceName": "keep-api", "threadName": "MainThread", "process": 12, "module": "api", "otelTraceSampled": true}
{"asctime": "2024-04-29 11:37:12,601", "message": "Getting all presets", "levelname": "INFO", "name": "keep.api.routes.preset", "filename": "preset.py", "otelTraceID": "7c981d26242ea83aa69f8dfb94c814c2", "otelSpanID": "9c5c021b524063b3", "otelServiceName": "keep-api", "threadName": "AnyIO worker thread", "process": 12, "module": "preset", "otelTraceSampled": true}
{"asctime": "2024-04-29 11:37:12,606", "message": "Got all presets", "levelname": "INFO", "name": "keep.api.routes.preset", "filename": "preset.py", "otelTraceID": "7c981d26242ea83aa69f8dfb94c814c2", "otelSpanID": "9c5c021b524063b3", "otelServiceName": "keep-api", "threadName": "AnyIO worker thread", "process": 12, "module": "preset", "otelTraceSampled": true}
{"asctime": "2024-04-29 11:37:12,609", "message": "Request finished: GET /preset 200", "levelname": "INFO", "name": "keep.api.api", "filename": "api.py", "otelTraceID": "7c981d26242ea83aa69f8dfb94c814c2", "otelSpanID": "9c5c021b524063b3", "otelServiceName": "keep-api", "threadName": "MainThread", "process": 12, "module": "api", "otelTraceSampled": true}
{"asctime": "2024-04-29 11:37:37,638", "message": "Request started: GET /preset", "levelname": "INFO", "name": "keep.api.api", "filename": "api.py", "otelTraceID": "f7df37fc0ef3a54258ce5fbb99e4c29b", "otelSpanID": "0659e9f307408663", "otelServiceName": "keep-api", "threadName": "MainThread", "process": 11, "module": "api", "otelTraceSampled": true}
{"asctime": "2024-04-29 11:37:37,643", "message": "Getting all presets", "levelname": "INFO", "name": "keep.api.routes.preset", "filename": "preset.py", "otelTraceID": "f7df37fc0ef3a54258ce5fbb99e4c29b", "otelSpanID": "0659e9f307408663", "otelServiceName": "keep-api", "threadName": "AnyIO worker thread", "process": 11, "module": "preset", "otelTraceSampled": true}
{"asctime": "2024-04-29 11:37:37,652", "message": "Got all presets", "levelname": "INFO", "name": "keep.api.routes.preset", "filename": "preset.py", "otelTraceID": "f7df37fc0ef3a54258ce5fbb99e4c29b", "otelSpanID": "0659e9f307408663", "otelServiceName": "keep-api", "threadName": "AnyIO worker thread", "process": 11, "module": "preset", "otelTraceSampled": true}
{"asctime": "2024-04-29 11:37:37,655", "message": "Request finished: GET /preset 200", "levelname": "INFO", "name": "keep.api.api", "filename": "api.py", "otelTraceID": "f7df37fc0ef3a54258ce5fbb99e4c29b", "otelSpanID": "0659e9f307408663", "otelServiceName": "keep-api", "threadName": "MainThread", "process": 11, "module": "api", "otelTraceSampled": true}
{"asctime": "2024-04-29 11:38:02,685", "message": "Request started: GET /preset", "levelname": "INFO", "name": "keep.api.api", "filename": "api.py", "otelTraceID": "f772e01062401d48b3b4457340351f73", "otelSpanID": "46cc271bc9247d7a", "otelServiceName": "keep-api", "threadName": "MainThread", "process": 13, "module": "api", "otelTraceSampled": true}
{"asctime": "2024-04-29 11:38:02,690", "message": "Getting all presets", "levelname": "INFO", "name": "keep.api.routes.preset", "filename": "preset.py", "otelTraceID": "f772e01062401d48b3b4457340351f73", "otelSpanID": "46cc271bc9247d7a", "otelServiceName": "keep-api", "threadName": "AnyIO worker thread", "process": 13, "module": "preset", "otelTraceSampled": true}
{"asctime": "2024-04-29 11:38:02,693", "message": "Got all presets", "levelname": "INFO", "name": "keep.api.routes.preset", "filename": "preset.py", "otelTraceID": "f772e01062401d48b3b4457340351f73", "otelSpanID": "46cc271bc9247d7a", "otelServiceName": "keep-api", "threadName": "AnyIO worker thread", "process": 13, "module": "preset", "otelTraceSampled": true}
{"asctime": "2024-04-29 11:38:02,696", "message": "Request finished: GET /preset 200", "levelname": "INFO", "name": "keep.api.api", "filename": "api.py", "otelTraceID": "f772e01062401d48b3b4457340351f73", "otelSpanID": "46cc271bc9247d7a", "otelServiceName": "keep-api", "threadName": "MainThread", "process": 13, "module": "api", "otelTraceSampled": true}
{"asctime": "2024-04-29 11:38:27,716", "message": "Request started: GET /preset", "levelname": "INFO", "name": "keep.api.api", "filename": "api.py", "otelTraceID": "eca7ca6ff80d08d18e228e144270ac47", "otelSpanID": "44876fe5eaba4cb2", "otelServiceName": "keep-api", "threadName": "MainThread", "process": 11, "module": "api", "otelTraceSampled": true}
{"asctime": "2024-04-29 11:38:27,729", "message": "Getting all presets", "levelname": "INFO", "name": "keep.api.routes.preset", "filename": "preset.py", "otelTraceID": "eca7ca6ff80d08d18e228e144270ac47", "otelSpanID": "44876fe5eaba4cb2", "otelServiceName": "keep-api", "threadName": "AnyIO worker thread", "process": 11, "module": "preset", "otelTraceSampled": true}
{"asctime": "2024-04-29 11:38:27,738", "message": "Got all presets", "levelname": "INFO", "name": "keep.api.routes.preset", "filename": "preset.py", "otelTraceID": "eca7ca6ff80d08d18e228e144270ac47", "otelSpanID": "44876fe5eaba4cb2", "otelServiceName": "keep-api", "threadName": "AnyIO worker thread", "process": 11, "module": "preset", "otelTraceSampled": true}
{"asctime": "2024-04-29 11:38:27,743", "message": "Request finished: GET /preset 200", "levelname": "INFO", "name": "keep.api.api", "filename": "api.py", "otelTraceID": "eca7ca6ff80d08d18e228e144270ac47", "otelSpanID": "44876fe5eaba4cb2", "otelServiceName": "keep-api", "threadName": "MainThread", "process": 11, "module": "api", "otelTraceSampled": true}
{"asctime": "2024-04-29 11:38:52,770", "message": "Request started: GET /preset", "levelname": "INFO", "name": "keep.api.api", "filename": "api.py", "otelTraceID": "d09d0841e4df439c77bc6cfd16ec8589", "otelSpanID": "05ae5b50e02f7ad0", "otelServiceName": "keep-api", "threadName": "MainThread", "process": 12, "module": "api", "otelTraceSampled": true}
{"asctime": "2024-04-29 11:38:52,774", "message": "Getting all presets", "levelname": "INFO", "name": "keep.api.routes.preset", "filename": "preset.py", "otelTraceID": "d09d0841e4df439c77bc6cfd16ec8589", "otelSpanID": "05ae5b50e02f7ad0", "otelServiceName": "keep-api", "threadName": "AnyIO worker thread", "process": 12, "module": "preset", "otelTraceSampled": true}
{"asctime": "2024-04-29 11:38:52,778", "message": "Got all presets", "levelname": "INFO", "name": "keep.api.routes.preset", "filename": "preset.py", "otelTraceID": "d09d0841e4df439c77bc6cfd16ec8589", "otelSpanID": "05ae5b50e02f7ad0", "otelServiceName": "keep-api", "threadName": "AnyIO worker thread", "process": 12, "module": "preset", "otelTraceSampled": true}
{"asctime": "2024-04-29 11:38:52,782", "message": "Request finished: GET /preset 200", "levelname": "INFO", "name": "keep.api.api", "filename": "api.py", "otelTraceID": "d09d0841e4df439c77bc6cfd16ec8589", "otelSpanID": "05ae5b50e02f7ad0", "otelServiceName": "keep-api", "threadName": "MainThread", "process": 12, "module": "api", "otelTraceSampled": true}
{"asctime": "2024-04-29 11:39:17,805", "message": "Request started: GET /preset", "levelname": "INFO", "name": "keep.api.api", "filename": "api.py", "otelTraceID": "c4ba9b920cc41085adafb852209a2834", "otelSpanID": "6f4cf5ad8c9b7d95", "otelServiceName": "keep-api", "threadName": "MainThread", "process": 12, "module": "api", "otelTraceSampled": true}
{"asctime": "2024-04-29 11:39:17,809", "message": "Getting all presets", "levelname": "INFO", "name": "keep.api.routes.preset", "filename": "preset.py", "otelTraceID": "c4ba9b920cc41085adafb852209a2834", "otelSpanID": "6f4cf5ad8c9b7d95", "otelServiceName": "keep-api", "threadName": "AnyIO worker thread", "process": 12, "module": "preset", "otelTraceSampled": true}
{"asctime": "2024-04-29 11:39:17,812", "message": "Got all presets", "levelname": "INFO", "name": "keep.api.routes.preset", "filename": "preset.py", "otelTraceID": "c4ba9b920cc41085adafb852209a2834", "otelSpanID": "6f4cf5ad8c9b7d95", "otelServiceName": "keep-api", "threadName": "AnyIO worker thread", "process": 12, "module": "preset", "otelTraceSampled": true}
{"asctime": "2024-04-29 11:39:17,816", "message": "Request finished: GET /preset 200", "levelname": "INFO", "name": "keep.api.api", "filename": "api.py", "otelTraceID": "c4ba9b920cc41085adafb852209a2834", "otelSpanID": "6f4cf5ad8c9b7d95", "otelServiceName": "keep-api", "threadName": "MainThread", "process": 12, "module": "api", "otelTraceSampled": true}
{"asctime": "2024-04-29 11:39:42,847", "message": "Request started: GET /preset", "levelname": "INFO", "name": "keep.api.api", "filename": "api.py", "otelTraceID": "b249cdb2ebba0d20dbee99c7c7758596", "otelSpanID": "b46e1a8cd22d0634", "otelServiceName": "keep-api", "threadName": "MainThread", "process": 12, "module": "api", "otelTraceSampled": true}
{"asctime": "2024-04-29 11:39:42,850", "message": "Getting all presets", "levelname": "INFO", "name": "keep.api.routes.preset", "filename": "preset.py", "otelTraceID": "b249cdb2ebba0d20dbee99c7c7758596", "otelSpanID": "b46e1a8cd22d0634", "otelServiceName": "keep-api", "threadName": "AnyIO worker thread", "process": 12, "module": "preset", "otelTraceSampled": true}
{"asctime": "2024-04-29 11:39:42,853", "message": "Got all presets", "levelname": "INFO", "name": "keep.api.routes.preset", "filename": "preset.py", "otelTraceID": "b249cdb2ebba0d20dbee99c7c7758596", "otelSpanID": "b46e1a8cd22d0634", "otelServiceName": "keep-api", "threadName": "AnyIO worker thread", "process": 12, "module": "preset", "otelTraceSampled": true}
{"asctime": "2024-04-29 11:39:42,857", "message": "Request finished: GET /preset 200", "levelname": "INFO", "name": "keep.api.api", "filename": "api.py", "otelTraceID": "b249cdb2ebba0d20dbee99c7c7758596", "otelSpanID": "b46e1a8cd22d0634", "otelServiceName": "keep-api", "threadName": "MainThread", "process": 12, "module": "api", "otelTraceSampled": true}
{"asctime": "2024-04-29 11:40:07,896", "message": "Request started: GET /preset", "levelname": "INFO", "name": "keep.api.api", "filename": "api.py", "otelTraceID": "ec03266c05c27b2bd19ad7a2e9683742", "otelSpanID": "1334b30ef8309851", "otelServiceName": "keep-api", "threadName": "MainThread", "process": 11, "module": "api", "otelTraceSampled": true}
{"asctime": "2024-04-29 11:40:07,899", "message": "Getting all presets", "levelname": "INFO", "name": "keep.api.routes.preset", "filename": "preset.py", "otelTraceID": "ec03266c05c27b2bd19ad7a2e9683742", "otelSpanID": "1334b30ef8309851", "otelServiceName": "keep-api", "threadName": "AnyIO worker thread", "process": 11, "module": "preset", "otelTraceSampled": true}
{"asctime": "2024-04-29 11:40:07,902", "message": "Got all presets", "levelname": "INFO", "name": "keep.api.routes.preset", "filename": "preset.py", "otelTraceID": "ec03266c05c27b2bd19ad7a2e9683742", "otelSpanID": "1334b30ef8309851", "otelServiceName": "keep-api", "threadName": "AnyIO worker thread", "process": 11, "module": "preset", "otelTraceSampled": true}
{"asctime": "2024-04-29 11:40:07,907", "message": "Request finished: GET /preset 200", "levelname": "INFO", "name": "keep.api.api", "filename": "api.py", "otelTraceID": "ec03266c05c27b2bd19ad7a2e9683742", "otelSpanID": "1334b30ef8309851", "otelServiceName": "keep-api", "threadName": "MainThread", "process": 11, "module": "api", "otelTraceSampled": true}
{"asctime": "2024-04-29 11:40:32,933", "message": "Request started: GET /preset", "levelname": "INFO", "name": "keep.api.api", "filename": "api.py", "otelTraceID": "2c229232523c5602da3cf8c28a29d403", "otelSpanID": "698ce70412234ca2", "otelServiceName": "keep-api", "threadName": "MainThread", "process": 12, "module": "api", "otelTraceSampled": true}
{"asctime": "2024-04-29 11:40:32,936", "message": "Getting all presets", "levelname": "INFO", "name": "keep.api.routes.preset", "filename": "preset.py", "otelTraceID": "2c229232523c5602da3cf8c28a29d403", "otelSpanID": "698ce70412234ca2", "otelServiceName": "keep-api", "threadName": "AnyIO worker thread", "process": 12, "module": "preset", "otelTraceSampled": true}
{"asctime": "2024-04-29 11:40:32,937", "message": "Got all presets", "levelname": "INFO", "name": "keep.api.routes.preset", "filename": "preset.py", "otelTraceID": "2c229232523c5602da3cf8c28a29d403", "otelSpanID": "698ce70412234ca2", "otelServiceName": "keep-api", "threadName": "AnyIO worker thread", "process": 12, "module": "preset", "otelTraceSampled": true}
{"asctime": "2024-04-29 11:40:32,939", "message": "Request finished: GET /preset 200", "levelname": "INFO", "name": "keep.api.api", "filename": "api.py", "otelTraceID": "2c229232523c5602da3cf8c28a29d403", "otelSpanID": "698ce70412234ca2", "otelServiceName": "keep-api", "threadName": "MainThread", "process": 12, "module": "api", "otelTraceSampled": true}
{"asctime": "2024-04-29 11:40:48,979", "message": "Request started: GET /preset", "levelname": "INFO", "name": "keep.api.api", "filename": "api.py", "otelTraceID": "610797bc11dd5db2456d6640c13cf52a", "otelSpanID": "9e66d031d01e34ef", "otelServiceName": "keep-api", "threadName": "MainThread", "process": 11, "module": "api", "otelTraceSampled": true}
{"asctime": "2024-04-29 11:40:48,981", "message": "Request started: GET /providers", "levelname": "INFO", "name": "keep.api.api", "filename": "api.py", "otelTraceID": "d1aebdd21c1bc74472e3d9c8aea9ed35", "otelSpanID": "f7d8ce6fa87988fe", "otelServiceName": "keep-api", "threadName": "MainThread", "process": 11, "module": "api", "otelTraceSampled": true}
{"asctime": "2024-04-29 11:40:48,986", "message": "Getting all presets", "levelname": "INFO", "name": "keep.api.routes.preset", "filename": "preset.py", "otelTraceID": "610797bc11dd5db2456d6640c13cf52a", "otelSpanID": "9e66d031d01e34ef", "otelServiceName": "keep-api", "threadName": "AnyIO worker thread", "process": 11, "module": "preset", "otelTraceSampled": true}
{"asctime": "2024-04-29 11:40:48,989", "message": "Getting installed providers", "levelname": "INFO", "name": "keep.api.routes.providers", "filename": "providers.py", "otelTraceID": "d1aebdd21c1bc74472e3d9c8aea9ed35", "otelSpanID": "f7d8ce6fa87988fe", "otelServiceName": "keep-api", "threadName": "AnyIO worker thread", "process": 11, "module": "providers", "otelTraceSampled": true, "tenant_id": "keep"}
{"asctime": "2024-04-29 11:40:48,991", "message": "Using cached providers", "levelname": "INFO", "name": "keep.providers.providers_factory", "filename": "providers_factory.py", "otelTraceID": "d1aebdd21c1bc74472e3d9c8aea9ed35", "otelSpanID": "f7d8ce6fa87988fe", "otelServiceName": "keep-api", "threadName": "AnyIO worker thread", "process": 11, "module": "providers_factory", "otelTraceSampled": true}
{"asctime": "2024-04-29 11:40:48,995", "message": "Got all presets", "levelname": "INFO", "name": "keep.api.routes.preset", "filename": "preset.py", "otelTraceID": "610797bc11dd5db2456d6640c13cf52a", "otelSpanID": "9e66d031d01e34ef", "otelServiceName": "keep-api", "threadName": "AnyIO worker thread", "process": 11, "module": "preset", "otelTraceSampled": true}
{"asctime": "2024-04-29 11:40:48,999", "message": "Request finished: GET /preset 200", "levelname": "INFO", "name": "keep.api.api", "filename": "api.py", "otelTraceID": "610797bc11dd5db2456d6640c13cf52a", "otelSpanID": "9e66d031d01e34ef", "otelServiceName": "keep-api", "threadName": "MainThread", "process": 11, "module": "api", "otelTraceSampled": true}
{"asctime": "2024-04-29 11:40:49,023", "message": "Using cached providers", "levelname": "INFO", "name": "keep.providers.providers_factory", "filename": "providers_factory.py", "otelTraceID": "d1aebdd21c1bc74472e3d9c8aea9ed35", "otelSpanID": "f7d8ce6fa87988fe", "otelServiceName": "keep-api", "threadName": "AnyIO worker thread", "process": 11, "module": "providers_factory", "otelTraceSampled": true}
{"asctime": "2024-04-29 11:40:49,062", "message": "Request finished: GET /providers 200", "levelname": "INFO", "name": "keep.api.api", "filename": "api.py", "otelTraceID": "d1aebdd21c1bc74472e3d9c8aea9ed35", "otelSpanID": "f7d8ce6fa87988fe", "otelServiceName": "keep-api", "threadName": "MainThread", "process": 11, "module": "api", "otelTraceSampled": true}
{"asctime": "2024-04-29 11:41:39,952", "message": "Request started: GET /preset", "levelname": "INFO", "name": "keep.api.api", "filename": "api.py", "otelTraceID": "dc5c470478fdd617913b562b30ba2505", "otelSpanID": "56c752880bdd292e", "otelServiceName": "keep-api", "threadName": "MainThread", "process": 12, "module": "api", "otelTraceSampled": true}
{"asctime": "2024-04-29 11:41:39,957", "message": "Getting all presets", "levelname": "INFO", "name": "keep.api.routes.preset", "filename": "preset.py", "otelTraceID": "dc5c470478fdd617913b562b30ba2505", "otelSpanID": "56c752880bdd292e", "otelServiceName": "keep-api", "threadName": "AnyIO worker thread", "process": 12, "module": "preset", "otelTraceSampled": true}
{"asctime": "2024-04-29 11:41:39,961", "message": "Request started: GET /providers", "levelname": "INFO", "name": "keep.api.api", "filename": "api.py", "otelTraceID": "bc42f36d6b5cc629f243e04c8183ef97", "otelSpanID": "5d9cec24e49acefd", "otelServiceName": "keep-api", "threadName": "MainThread", "process": 12, "module": "api", "otelTraceSampled": true}
{"asctime": "2024-04-29 11:41:39,964", "message": "Getting installed providers", "levelname": "INFO", "name": "keep.api.routes.providers", "filename": "providers.py", "otelTraceID": "bc42f36d6b5cc629f243e04c8183ef97", "otelSpanID": "5d9cec24e49acefd", "otelServiceName": "keep-api", "threadName": "AnyIO worker thread", "process": 12, "module": "providers", "otelTraceSampled": true, "tenant_id": "keep"}
{"asctime": "2024-04-29 11:41:39,965", "message": "Using cached providers", "levelname": "INFO", "name": "keep.providers.providers_factory", "filename": "providers_factory.py", "otelTraceID": "bc42f36d6b5cc629f243e04c8183ef97", "otelSpanID": "5d9cec24e49acefd", "otelServiceName": "keep-api", "threadName": "AnyIO worker thread", "process": 12, "module": "providers_factory", "otelTraceSampled": true}
{"asctime": "2024-04-29 11:41:39,966", "message": "Got all presets", "levelname": "INFO", "name": "keep.api.routes.preset", "filename": "preset.py", "otelTraceID": "dc5c470478fdd617913b562b30ba2505", "otelSpanID": "56c752880bdd292e", "otelServiceName": "keep-api", "threadName": "AnyIO worker thread", "process": 12, "module": "preset", "otelTraceSampled": true}
{"asctime": "2024-04-29 11:41:39,984", "message": "Request finished: GET /preset 200", "levelname": "INFO", "name": "keep.api.api", "filename": "api.py", "otelTraceID": "dc5c470478fdd617913b562b30ba2505", "otelSpanID": "56c752880bdd292e", "otelServiceName": "keep-api", "threadName": "MainThread", "process": 12, "module": "api", "otelTraceSampled": true}
{"asctime": "2024-04-29 11:41:39,991", "message": "Using cached providers", "levelname": "INFO", "name": "keep.providers.providers_factory", "filename": "providers_factory.py", "otelTraceID": "bc42f36d6b5cc629f243e04c8183ef97", "otelSpanID": "5d9cec24e49acefd", "otelServiceName": "keep-api", "threadName": "AnyIO worker thread", "process": 12, "module": "providers_factory", "otelTraceSampled": true}
{"asctime": "2024-04-29 11:41:40,026", "message": "Request finished: GET /providers 200", "levelname": "INFO", "name": "keep.api.api", "filename": "api.py", "otelTraceID": "bc42f36d6b5cc629f243e04c8183ef97", "otelSpanID": "5d9cec24e49acefd", "otelServiceName": "keep-api", "threadName": "MainThread", "process": 12, "module": "api", "otelTraceSampled": true}
{"asctime": "2024-04-29 12:22:00,775", "message": "Request started: GET /preset", "levelname": "INFO", "name": "keep.api.api", "filename": "api.py", "otelTraceID": "e32f75867c38c24323f11025a3eb91cc", "otelSpanID": "cfe4805e93c34c80", "otelServiceName": "keep-api", "threadName": "MainThread", "process": 12, "module": "api", "otelTraceSampled": true}
{"asctime": "2024-04-29 12:22:00,777", "message": "Getting all presets", "levelname": "INFO", "name": "keep.api.routes.preset", "filename": "preset.py", "otelTraceID": "e32f75867c38c24323f11025a3eb91cc", "otelSpanID": "cfe4805e93c34c80", "otelServiceName": "keep-api", "threadName": "AnyIO worker thread", "process": 12, "module": "preset", "otelTraceSampled": true}
{"asctime": "2024-04-29 12:22:00,778", "message": "Got all presets", "levelname": "INFO", "name": "keep.api.routes.preset", "filename": "preset.py", "otelTraceID": "e32f75867c38c24323f11025a3eb91cc", "otelSpanID": "cfe4805e93c34c80", "otelServiceName": "keep-api", "threadName": "AnyIO worker thread", "process": 12, "module": "preset", "otelTraceSampled": true}
{"asctime": "2024-04-29 12:22:00,779", "message": "Request finished: GET /preset 200", "levelname": "INFO", "name": "keep.api.api", "filename": "api.py", "otelTraceID": "e32f75867c38c24323f11025a3eb91cc", "otelSpanID": "cfe4805e93c34c80", "otelServiceName": "keep-api", "threadName": "MainThread", "process": 12, "module": "api", "otelTraceSampled": true}
[2024-04-29 15:35:56 +0000] [1] [INFO] Starting gunicorn 22.0.0
{"asctime": "2024-04-29 15:35:56,585", "message": "Keep server starting", "levelname": "INFO", "name": "__config__", "filename": "config.py", "otelTraceID": null, "otelSpanID": null, "otelServiceName": null, "threadName": "MainThread", "process": 1, "module": "config"}
{"asctime": "2024-04-29 15:35:56,589", "message": "Migrating WorkflowToAlertExecution table", "levelname": "INFO", "name": "keep.api.core.db", "filename": "db.py", "otelTraceID": null, "otelSpanID": null, "otelServiceName": null, "threadName": "MainThread", "process": 1, "module": "db"}
{"asctime": "2024-04-29 15:35:56,603", "message": "Failed to migrate table", "levelname": "ERROR", "name": "keep.api.core.db", "filename": "db.py", "otelTraceID": null, "otelSpanID": null, "otelServiceName": null, "threadName": "MainThread", "process": 1, "module": "db", "exc_info": "Traceback (most recent call last):\n  File \"/venv/lib/python3.11/site-packages/sqlalchemy/engine/base.py\", line 1900, in _execute_context\n    self.dialect.do_execute(\n  File \"/venv/lib/python3.11/site-packages/sqlalchemy/engine/default.py\", line 736, in do_execute\n    cursor.execute(statement, parameters)\nsqlite3.OperationalError: no such table: information_schema.KEY_COLUMN_USAGE\n\nThe above exception was the direct cause of the following exception:\n\nTraceback (most recent call last):\n  File \"/venv/lib/python3.11/site-packages/keep/api/core/db.py\", line 146, in create_db_and_tables\n    results = session.exec(\n              ^^^^^^^^^^^^^\n  File \"/venv/lib/python3.11/site-packages/sqlmodel/orm/session.py\", line 60, in exec\n    results = super().execute(\n              ^^^^^^^^^^^^^^^^\n  File \"/venv/lib/python3.11/site-packages/sqlalchemy/orm/session.py\", line 1712, in execute\n    result = conn._execute_20(statement, params or {}, execution_options)\n             ^^^^^^^^^^^^^^^^^^^^^^^^^^^^^^^^^^^^^^^^^^^^^^^^^^^^^^^^^^^^\n  File \"/venv/lib/python3.11/site-packages/sqlalchemy/engine/base.py\", line 1705, in _execute_20\n    return meth(self, args_10style, kwargs_10style, execution_options)\n           ^^^^^^^^^^^^^^^^^^^^^^^^^^^^^^^^^^^^^^^^^^^^^^^^^^^^^^^^^^^\n  File \"/venv/lib/python3.11/site-packages/sqlalchemy/sql/elements.py\", line 333, in _execute_on_connection\n    return connection._execute_clauseelement(\n           ^^^^^^^^^^^^^^^^^^^^^^^^^^^^^^^^^^\n  File \"/venv/lib/python3.11/site-packages/sqlalchemy/engine/base.py\", line 1572, in _execute_clauseelement\n    ret = self._execute_context(\n          ^^^^^^^^^^^^^^^^^^^^^^\n  File \"/venv/lib/python3.11/site-packages/sqlalchemy/engine/base.py\", line 1943, in _execute_context\n    self._handle_dbapi_exception(\n  File \"/venv/lib/python3.11/site-packages/sqlalchemy/engine/base.py\", line 2124, in _handle_dbapi_exception\n    util.raise_(\n  File \"/venv/lib/python3.11/site-packages/sqlalchemy/util/compat.py\", line 208, in raise_\n    raise exception\n  File \"/venv/lib/python3.11/site-packages/sqlalchemy/engine/base.py\", line 1900, in _execute_context\n    self.dialect.do_execute(\n  File \"/venv/lib/python3.11/site-packages/sqlalchemy/engine/default.py\", line 736, in do_execute\n    cursor.execute(statement, parameters)\nsqlalchemy.exc.OperationalError: (sqlite3.OperationalError) no such table: information_schema.KEY_COLUMN_USAGE\n[SQL: SELECT CONSTRAINT_NAME FROM information_schema.KEY_COLUMN_USAGE  WHERE TABLE_SCHEMA = './db.sqlite3'  AND TABLE_NAME = 'workflowtoalertexecution' AND COLUMN_NAME = 'alert_fingerprint' /*db_driver='pysqlite',db_framework='sqlalchemy%%3A0.41b0'*/;]\n(Background on this error at: https://sqlalche.me/e/14/e3q8)"}
{"asctime": "2024-04-29 15:35:56,619", "message": "Failed to migrate workflowexecution table", "levelname": "ERROR", "name": "keep.api.core.db", "filename": "db.py", "otelTraceID": null, "otelSpanID": null, "otelServiceName": null, "threadName": "MainThread", "process": 1, "module": "db", "exc_info": "Traceback (most recent call last):\n  File \"/venv/lib/python3.11/site-packages/sqlalchemy/engine/base.py\", line 1900, in _execute_context\n    self.dialect.do_execute(\n  File \"/venv/lib/python3.11/site-packages/sqlalchemy/engine/default.py\", line 736, in do_execute\n    cursor.execute(statement, parameters)\nsqlite3.OperationalError: duplicate column name: is_running\n\nThe above exception was the direct cause of the following exception:\n\nTraceback (most recent call last):\n  File \"/venv/lib/python3.11/site-packages/keep/api/core/db.py\", line 258, in create_db_and_tables\n    session.exec(\n  File \"/venv/lib/python3.11/site-packages/sqlmodel/orm/session.py\", line 60, in exec\n    results = super().execute(\n              ^^^^^^^^^^^^^^^^\n  File \"/venv/lib/python3.11/site-packages/sqlalchemy/orm/session.py\", line 1712, in execute\n    result = conn._execute_20(statement, params or {}, execution_options)\n             ^^^^^^^^^^^^^^^^^^^^^^^^^^^^^^^^^^^^^^^^^^^^^^^^^^^^^^^^^^^^\n  File \"/venv/lib/python3.11/site-packages/sqlalchemy/engine/base.py\", line 1705, in _execute_20\n    return meth(self, args_10style, kwargs_10style, execution_options)\n           ^^^^^^^^^^^^^^^^^^^^^^^^^^^^^^^^^^^^^^^^^^^^^^^^^^^^^^^^^^^\n  File \"/venv/lib/python3.11/site-packages/sqlalchemy/sql/elements.py\", line 333, in _execute_on_connection\n    return connection._execute_clauseelement(\n           ^^^^^^^^^^^^^^^^^^^^^^^^^^^^^^^^^^\n  File \"/venv/lib/python3.11/site-packages/sqlalchemy/engine/base.py\", line 1572, in _execute_clauseelement\n    ret = self._execute_context(\n          ^^^^^^^^^^^^^^^^^^^^^^\n  File \"/venv/lib/python3.11/site-packages/sqlalchemy/engine/base.py\", line 1943, in _execute_context\n    self._handle_dbapi_exception(\n  File \"/venv/lib/python3.11/site-packages/sqlalchemy/engine/base.py\", line 2124, in _handle_dbapi_exception\n    util.raise_(\n  File \"/venv/lib/python3.11/site-packages/sqlalchemy/util/compat.py\", line 208, in raise_\n    raise exception\n  File \"/venv/lib/python3.11/site-packages/sqlalchemy/engine/base.py\", line 1900, in _execute_context\n    self.dialect.do_execute(\n  File \"/venv/lib/python3.11/site-packages/sqlalchemy/engine/default.py\", line 736, in do_execute\n    cursor.execute(statement, parameters)\nsqlalchemy.exc.OperationalError: (sqlite3.OperationalError) duplicate column name: is_running\n[SQL: ALTER TABLE workflowexecution ADD COLUMN is_running INTEGER DEFAULT 1, ADD COLUMN timeslot INTEGER /*db_driver='pysqlite',db_framework='sqlalchemy%%3A0.41b0'*/;]\n(Background on this error at: https://sqlalche.me/e/14/e3q8)"}
{"asctime": "2024-04-29 15:35:56,629", "message": "Migrating WorkflowToAlertExecution table", "levelname": "INFO", "name": "keep.api.core.db", "filename": "db.py", "otelTraceID": null, "otelSpanID": null, "otelServiceName": null, "threadName": "MainThread", "process": 1, "module": "db"}
{"asctime": "2024-04-29 15:35:56,630", "message": "Failed to migrate table", "levelname": "ERROR", "name": "keep.api.core.db", "filename": "db.py", "otelTraceID": null, "otelSpanID": null, "otelServiceName": null, "threadName": "MainThread", "process": 1, "module": "db", "exc_info": "Traceback (most recent call last):\n  File \"/venv/lib/python3.11/site-packages/sqlalchemy/engine/base.py\", line 1900, in _execute_context\n    self.dialect.do_execute(\n  File \"/venv/lib/python3.11/site-packages/sqlalchemy/engine/default.py\", line 736, in do_execute\n    cursor.execute(statement, parameters)\nsqlite3.OperationalError: no such table: information_schema.KEY_COLUMN_USAGE\n\nThe above exception was the direct cause of the following exception:\n\nTraceback (most recent call last):\n  File \"/venv/lib/python3.11/site-packages/keep/api/core/db.py\", line 146, in create_db_and_tables\n    results = session.exec(\n              ^^^^^^^^^^^^^\n  File \"/venv/lib/python3.11/site-packages/sqlmodel/orm/session.py\", line 60, in exec\n    results = super().execute(\n              ^^^^^^^^^^^^^^^^\n  File \"/venv/lib/python3.11/site-packages/sqlalchemy/orm/session.py\", line 1712, in execute\n    result = conn._execute_20(statement, params or {}, execution_options)\n             ^^^^^^^^^^^^^^^^^^^^^^^^^^^^^^^^^^^^^^^^^^^^^^^^^^^^^^^^^^^^\n  File \"/venv/lib/python3.11/site-packages/sqlalchemy/engine/base.py\", line 1705, in _execute_20\n    return meth(self, args_10style, kwargs_10style, execution_options)\n           ^^^^^^^^^^^^^^^^^^^^^^^^^^^^^^^^^^^^^^^^^^^^^^^^^^^^^^^^^^^\n  File \"/venv/lib/python3.11/site-packages/sqlalchemy/sql/elements.py\", line 333, in _execute_on_connection\n    return connection._execute_clauseelement(\n           ^^^^^^^^^^^^^^^^^^^^^^^^^^^^^^^^^^\n  File \"/venv/lib/python3.11/site-packages/sqlalchemy/engine/base.py\", line 1572, in _execute_clauseelement\n    ret = self._execute_context(\n          ^^^^^^^^^^^^^^^^^^^^^^\n  File \"/venv/lib/python3.11/site-packages/sqlalchemy/engine/base.py\", line 1943, in _execute_context\n    self._handle_dbapi_exception(\n  File \"/venv/lib/python3.11/site-packages/sqlalchemy/engine/base.py\", line 2124, in _handle_dbapi_exception\n    util.raise_(\n  File \"/venv/lib/python3.11/site-packages/sqlalchemy/util/compat.py\", line 208, in raise_\n    raise exception\n  File \"/venv/lib/python3.11/site-packages/sqlalchemy/engine/base.py\", line 1900, in _execute_context\n    self.dialect.do_execute(\n  File \"/venv/lib/python3.11/site-packages/sqlalchemy/engine/default.py\", line 736, in do_execute\n    cursor.execute(statement, parameters)\nsqlalchemy.exc.OperationalError: (sqlite3.OperationalError) no such table: information_schema.KEY_COLUMN_USAGE\n[SQL: SELECT CONSTRAINT_NAME FROM information_schema.KEY_COLUMN_USAGE  WHERE TABLE_SCHEMA = './db.sqlite3'  AND TABLE_NAME = 'workflowtoalertexecution' AND COLUMN_NAME = 'alert_fingerprint' /*db_driver='pysqlite',db_framework='sqlalchemy%%3A0.41b0'*/;]\n(Background on this error at: https://sqlalche.me/e/14/e3q8)"}
{"asctime": "2024-04-29 15:35:56,632", "message": "Failed to migrate workflowexecution table", "levelname": "ERROR", "name": "keep.api.core.db", "filename": "db.py", "otelTraceID": null, "otelSpanID": null, "otelServiceName": null, "threadName": "MainThread", "process": 1, "module": "db", "exc_info": "Traceback (most recent call last):\n  File \"/venv/lib/python3.11/site-packages/sqlalchemy/engine/base.py\", line 1900, in _execute_context\n    self.dialect.do_execute(\n  File \"/venv/lib/python3.11/site-packages/sqlalchemy/engine/default.py\", line 736, in do_execute\n    cursor.execute(statement, parameters)\nsqlite3.OperationalError: duplicate column name: is_running\n\nThe above exception was the direct cause of the following exception:\n\nTraceback (most recent call last):\n  File \"/venv/lib/python3.11/site-packages/keep/api/core/db.py\", line 258, in create_db_and_tables\n    session.exec(\n  File \"/venv/lib/python3.11/site-packages/sqlmodel/orm/session.py\", line 60, in exec\n    results = super().execute(\n              ^^^^^^^^^^^^^^^^\n  File \"/venv/lib/python3.11/site-packages/sqlalchemy/orm/session.py\", line 1712, in execute\n    result = conn._execute_20(statement, params or {}, execution_options)\n             ^^^^^^^^^^^^^^^^^^^^^^^^^^^^^^^^^^^^^^^^^^^^^^^^^^^^^^^^^^^^\n  File \"/venv/lib/python3.11/site-packages/sqlalchemy/engine/base.py\", line 1705, in _execute_20\n    return meth(self, args_10style, kwargs_10style, execution_options)\n           ^^^^^^^^^^^^^^^^^^^^^^^^^^^^^^^^^^^^^^^^^^^^^^^^^^^^^^^^^^^\n  File \"/venv/lib/python3.11/site-packages/sqlalchemy/sql/elements.py\", line 333, in _execute_on_connection\n    return connection._execute_clauseelement(\n           ^^^^^^^^^^^^^^^^^^^^^^^^^^^^^^^^^^\n  File \"/venv/lib/python3.11/site-packages/sqlalchemy/engine/base.py\", line 1572, in _execute_clauseelement\n    ret = self._execute_context(\n          ^^^^^^^^^^^^^^^^^^^^^^\n  File \"/venv/lib/python3.11/site-packages/sqlalchemy/engine/base.py\", line 1943, in _execute_context\n    self._handle_dbapi_exception(\n  File \"/venv/lib/python3.11/site-packages/sqlalchemy/engine/base.py\", line 2124, in _handle_dbapi_exception\n    util.raise_(\n  File \"/venv/lib/python3.11/site-packages/sqlalchemy/util/compat.py\", line 208, in raise_\n    raise exception\n  File \"/venv/lib/python3.11/site-packages/sqlalchemy/engine/base.py\", line 1900, in _execute_context\n    self.dialect.do_execute(\n  File \"/venv/lib/python3.11/site-packages/sqlalchemy/engine/default.py\", line 736, in do_execute\n    cursor.execute(statement, parameters)\nsqlalchemy.exc.OperationalError: (sqlite3.OperationalError) duplicate column name: is_running\n[SQL: ALTER TABLE workflowexecution ADD COLUMN is_running INTEGER DEFAULT 1, ADD COLUMN timeslot INTEGER /*db_driver='pysqlite',db_framework='sqlalchemy%%3A0.41b0'*/;]\n(Background on this error at: https://sqlalche.me/e/14/e3q8)"}
{"asctime": "2024-04-29 15:35:56,663", "message": "Single tenant already exists", "levelname": "INFO", "name": "keep.api.core.db", "filename": "db.py", "otelTraceID": null, "otelSpanID": null, "otelServiceName": null, "threadName": "MainThread", "process": 1, "module": "db"}
{"asctime": "2024-04-29 15:35:56,666", "message": "Keep server started", "levelname": "INFO", "name": "__config__", "filename": "config.py", "otelTraceID": null, "otelSpanID": null, "otelServiceName": null, "threadName": "MainThread", "process": 1, "module": "config"}
[2024-04-29 15:35:56 +0000] [1] [INFO] Listening at: http://0.0.0.0:8080 (1)
[2024-04-29 15:35:56 +0000] [1] [INFO] Using worker: uvicorn.workers.UvicornWorker
[2024-04-29 15:35:56 +0000] [11] [INFO] Booting worker with pid: 11
{"asctime": "2024-04-29 15:35:56,716", "message": "Starting Keep with http://0.0.0.0:8080 as URL", "levelname": "INFO", "name": "keep.api.api", "filename": "api.py", "otelTraceID": null, "otelSpanID": null, "otelServiceName": null, "threadName": "MainThread", "process": 11, "module": "api"}
[2024-04-29 15:35:56 +0000] [12] [INFO] Booting worker with pid: 12
[2024-04-29 15:35:56 +0000] [13] [INFO] Booting worker with pid: 13
{"asctime": "2024-04-29 15:35:56,816", "message": "Starting Keep with http://0.0.0.0:8080 as URL", "levelname": "INFO", "name": "keep.api.api", "filename": "api.py", "otelTraceID": null, "otelSpanID": null, "otelServiceName": null, "threadName": "MainThread", "process": 12, "module": "api"}
{"asctime": "2024-04-29 15:35:56,853", "message": "Starting Keep with http://0.0.0.0:8080 as URL", "levelname": "INFO", "name": "keep.api.api", "filename": "api.py", "otelTraceID": null, "otelSpanID": null, "otelServiceName": null, "threadName": "MainThread", "process": 13, "module": "api"}
[2024-04-29 15:35:56 +0000] [14] [INFO] Booting worker with pid: 14
{"asctime": "2024-04-29 15:35:56,972", "message": "Starting Keep with authentication type: NO_AUTH", "levelname": "INFO", "name": "keep.api.api", "filename": "api.py", "otelTraceID": null, "otelSpanID": null, "otelServiceName": null, "threadName": "MainThread", "process": 11, "module": "api"}
{"asctime": "2024-04-29 15:35:56,996", "message": "Starting Keep with http://0.0.0.0:8080 as URL", "levelname": "INFO", "name": "keep.api.api", "filename": "api.py", "otelTraceID": null, "otelSpanID": null, "otelServiceName": null, "threadName": "MainThread", "process": 14, "module": "api"}
[2024-04-29 15:35:57 +0000] [11] [WARNING] ASGI app factory detected. Using it, but please consider setting the --factory flag explicitly.
[2024-04-29 15:35:57 +0000] [11] [INFO] Started server process [11]
[2024-04-29 15:35:57 +0000] [11] [INFO] Waiting for application startup.
{"asctime": "2024-04-29 15:35:57,068", "message": "Loading providers into cache", "levelname": "INFO", "name": "keep.api.api", "filename": "api.py", "otelTraceID": "0", "otelSpanID": "0", "otelServiceName": "keep-api", "threadName": "MainThread", "process": 11, "module": "api", "otelTraceSampled": false}
{"asctime": "2024-04-29 15:35:57,069", "message": "Loading providers", "levelname": "INFO", "name": "keep.providers.providers_factory", "filename": "providers_factory.py", "otelTraceID": "0", "otelSpanID": "0", "otelServiceName": "keep-api", "threadName": "MainThread", "process": 11, "module": "providers_factory", "otelTraceSampled": false}
{"asctime": "2024-04-29 15:35:57,152", "message": "Starting Keep with authentication type: NO_AUTH", "levelname": "INFO", "name": "keep.api.api", "filename": "api.py", "otelTraceID": null, "otelSpanID": null, "otelServiceName": null, "threadName": "MainThread", "process": 12, "module": "api"}
{"asctime": "2024-04-29 15:35:57,200", "message": "Starting Keep with authentication type: NO_AUTH", "levelname": "INFO", "name": "keep.api.api", "filename": "api.py", "otelTraceID": null, "otelSpanID": null, "otelServiceName": null, "threadName": "MainThread", "process": 13, "module": "api"}
{"asctime": "2024-04-29 15:35:57,202", "message": "Starting Keep with authentication type: NO_AUTH", "levelname": "INFO", "name": "keep.api.api", "filename": "api.py", "otelTraceID": null, "otelSpanID": null, "otelServiceName": null, "threadName": "MainThread", "process": 14, "module": "api"}
[2024-04-29 15:35:57 +0000] [12] [WARNING] ASGI app factory detected. Using it, but please consider setting the --factory flag explicitly.
[2024-04-29 15:35:57 +0000] [12] [INFO] Started server process [12]
[2024-04-29 15:35:57 +0000] [12] [INFO] Waiting for application startup.
{"asctime": "2024-04-29 15:35:57,223", "message": "Loading providers into cache", "levelname": "INFO", "name": "keep.api.api", "filename": "api.py", "otelTraceID": "0", "otelSpanID": "0", "otelServiceName": "keep-api", "threadName": "MainThread", "process": 12, "module": "api", "otelTraceSampled": false}
{"asctime": "2024-04-29 15:35:57,224", "message": "Loading providers", "levelname": "INFO", "name": "keep.providers.providers_factory", "filename": "providers_factory.py", "otelTraceID": "0", "otelSpanID": "0", "otelServiceName": "keep-api", "threadName": "MainThread", "process": 12, "module": "providers_factory", "otelTraceSampled": false}
[2024-04-29 15:35:57 +0000] [14] [WARNING] ASGI app factory detected. Using it, but please consider setting the --factory flag explicitly.
[2024-04-29 15:35:57 +0000] [14] [INFO] Started server process [14]
[2024-04-29 15:35:57 +0000] [14] [INFO] Waiting for application startup.
{"asctime": "2024-04-29 15:35:57,275", "message": "Loading providers into cache", "levelname": "INFO", "name": "keep.api.api", "filename": "api.py", "otelTraceID": "0", "otelSpanID": "0", "otelServiceName": "keep-api", "threadName": "MainThread", "process": 14, "module": "api", "otelTraceSampled": false}
{"asctime": "2024-04-29 15:35:57,275", "message": "Loading providers", "levelname": "INFO", "name": "keep.providers.providers_factory", "filename": "providers_factory.py", "otelTraceID": "0", "otelSpanID": "0", "otelServiceName": "keep-api", "threadName": "MainThread", "process": 14, "module": "providers_factory", "otelTraceSampled": false}
[2024-04-29 15:35:57 +0000] [13] [WARNING] ASGI app factory detected. Using it, but please consider setting the --factory flag explicitly.
[2024-04-29 15:35:57 +0000] [13] [INFO] Started server process [13]
[2024-04-29 15:35:57 +0000] [13] [INFO] Waiting for application startup.
{"asctime": "2024-04-29 15:35:57,304", "message": "Loading providers into cache", "levelname": "INFO", "name": "keep.api.api", "filename": "api.py", "otelTraceID": "0", "otelSpanID": "0", "otelServiceName": "keep-api", "threadName": "MainThread", "process": 13, "module": "api", "otelTraceSampled": false}
{"asctime": "2024-04-29 15:35:57,310", "message": "Loading providers", "levelname": "INFO", "name": "keep.providers.providers_factory", "filename": "providers_factory.py", "otelTraceID": "0", "otelSpanID": "0", "otelServiceName": "keep-api", "threadName": "MainThread", "process": 13, "module": "providers_factory", "otelTraceSampled": false}
{"asctime": "2024-04-29 15:36:08,669", "message": "Providers loaded successfully", "levelname": "INFO", "name": "keep.api.api", "filename": "api.py", "otelTraceID": "0", "otelSpanID": "0", "otelServiceName": "keep-api", "threadName": "MainThread", "process": 14, "module": "api", "otelTraceSampled": false}
{"asctime": "2024-04-29 15:36:08,670", "message": "Starting the services", "levelname": "INFO", "name": "keep.api.api", "filename": "api.py", "otelTraceID": "0", "otelSpanID": "0", "otelServiceName": "keep-api", "threadName": "MainThread", "process": 14, "module": "api", "otelTraceSampled": false}
{"asctime": "2024-04-29 15:36:08,670", "message": "Starting the scheduler", "levelname": "INFO", "name": "keep.api.api", "filename": "api.py", "otelTraceID": "0", "otelSpanID": "0", "otelServiceName": "keep-api", "threadName": "MainThread", "process": 14, "module": "api", "otelTraceSampled": false}
{"asctime": "2024-04-29 15:36:08,670", "message": "Starting workflows scheduler", "levelname": "INFO", "name": "keep.workflowmanager.workflowscheduler", "filename": "workflowscheduler.py", "otelTraceID": "0", "otelSpanID": "0", "otelServiceName": "keep-api", "threadName": "MainThread", "process": 14, "module": "workflowscheduler", "otelTraceSampled": false}
{"asctime": "2024-04-29 15:36:08,671", "message": "Starting workflows scheduler", "levelname": "INFO", "name": "keep.workflowmanager.workflowscheduler", "filename": "workflowscheduler.py", "otelTraceID": "0", "otelSpanID": "0", "otelServiceName": "keep-api", "threadName": "Thread-2 (_start)", "process": 14, "module": "workflowscheduler", "otelTraceSampled": false}
{"asctime": "2024-04-29 15:36:08,672", "message": "Providers loaded successfully", "levelname": "INFO", "name": "keep.api.api", "filename": "api.py", "otelTraceID": "0", "otelSpanID": "0", "otelServiceName": "keep-api", "threadName": "MainThread", "process": 13, "module": "api", "otelTraceSampled": false}
{"asctime": "2024-04-29 15:36:08,673", "message": "Starting the services", "levelname": "INFO", "name": "keep.api.api", "filename": "api.py", "otelTraceID": "0", "otelSpanID": "0", "otelServiceName": "keep-api", "threadName": "MainThread", "process": 13, "module": "api", "otelTraceSampled": false}
{"asctime": "2024-04-29 15:36:08,672", "message": "Providers loaded successfully", "levelname": "INFO", "name": "keep.api.api", "filename": "api.py", "otelTraceID": "0", "otelSpanID": "0", "otelServiceName": "keep-api", "threadName": "MainThread", "process": 12, "module": "api", "otelTraceSampled": false}
{"asctime": "2024-04-29 15:36:08,673", "message": "Starting the scheduler", "levelname": "INFO", "name": "keep.api.api", "filename": "api.py", "otelTraceID": "0", "otelSpanID": "0", "otelServiceName": "keep-api", "threadName": "MainThread", "process": 13, "module": "api", "otelTraceSampled": false}
{"asctime": "2024-04-29 15:36:08,673", "message": "Starting the services", "levelname": "INFO", "name": "keep.api.api", "filename": "api.py", "otelTraceID": "0", "otelSpanID": "0", "otelServiceName": "keep-api", "threadName": "MainThread", "process": 12, "module": "api", "otelTraceSampled": false}
{"asctime": "2024-04-29 15:36:08,674", "message": "Starting the scheduler", "levelname": "INFO", "name": "keep.api.api", "filename": "api.py", "otelTraceID": "0", "otelSpanID": "0", "otelServiceName": "keep-api", "threadName": "MainThread", "process": 12, "module": "api", "otelTraceSampled": false}
{"asctime": "2024-04-29 15:36:08,674", "message": "Starting workflows scheduler", "levelname": "INFO", "name": "keep.workflowmanager.workflowscheduler", "filename": "workflowscheduler.py", "otelTraceID": "0", "otelSpanID": "0", "otelServiceName": "keep-api", "threadName": "MainThread", "process": 13, "module": "workflowscheduler", "otelTraceSampled": false}
{"asctime": "2024-04-29 15:36:08,674", "message": "Starting workflows scheduler", "levelname": "INFO", "name": "keep.workflowmanager.workflowscheduler", "filename": "workflowscheduler.py", "otelTraceID": "0", "otelSpanID": "0", "otelServiceName": "keep-api", "threadName": "MainThread", "process": 12, "module": "workflowscheduler", "otelTraceSampled": false}
{"asctime": "2024-04-29 15:36:08,675", "message": "Starting workflows scheduler", "levelname": "INFO", "name": "keep.workflowmanager.workflowscheduler", "filename": "workflowscheduler.py", "otelTraceID": "0", "otelSpanID": "0", "otelServiceName": "keep-api", "threadName": "Thread-2 (_start)", "process": 13, "module": "workflowscheduler", "otelTraceSampled": false}
{"asctime": "2024-04-29 15:36:08,675", "message": "Providers loaded successfully", "levelname": "INFO", "name": "keep.api.api", "filename": "api.py", "otelTraceID": "0", "otelSpanID": "0", "otelServiceName": "keep-api", "threadName": "MainThread", "process": 11, "module": "api", "otelTraceSampled": false}
{"asctime": "2024-04-29 15:36:08,675", "message": "Starting workflows scheduler", "levelname": "INFO", "name": "keep.workflowmanager.workflowscheduler", "filename": "workflowscheduler.py", "otelTraceID": "0", "otelSpanID": "0", "otelServiceName": "keep-api", "threadName": "Thread-2 (_start)", "process": 12, "module": "workflowscheduler", "otelTraceSampled": false}
{"asctime": "2024-04-29 15:36:08,676", "message": "Starting the services", "levelname": "INFO", "name": "keep.api.api", "filename": "api.py", "otelTraceID": "0", "otelSpanID": "0", "otelServiceName": "keep-api", "threadName": "MainThread", "process": 11, "module": "api", "otelTraceSampled": false}
{"asctime": "2024-04-29 15:36:08,675", "message": "Workflows scheduler started", "levelname": "INFO", "name": "keep.workflowmanager.workflowscheduler", "filename": "workflowscheduler.py", "otelTraceID": "0", "otelSpanID": "0", "otelServiceName": "keep-api", "threadName": "MainThread", "process": 14, "module": "workflowscheduler", "otelTraceSampled": false}
{"asctime": "2024-04-29 15:36:08,676", "message": "Starting the scheduler", "levelname": "INFO", "name": "keep.api.api", "filename": "api.py", "otelTraceID": "0", "otelSpanID": "0", "otelServiceName": "keep-api", "threadName": "MainThread", "process": 11, "module": "api", "otelTraceSampled": false}
{"asctime": "2024-04-29 15:36:08,676", "message": "Scheduler started successfully", "levelname": "INFO", "name": "keep.api.api", "filename": "api.py", "otelTraceID": "0", "otelSpanID": "0", "otelServiceName": "keep-api", "threadName": "MainThread", "process": 14, "module": "api", "otelTraceSampled": false}
{"asctime": "2024-04-29 15:36:08,676", "message": "Starting the consumer", "levelname": "INFO", "name": "keep.api.api", "filename": "api.py", "otelTraceID": "0", "otelSpanID": "0", "otelServiceName": "keep-api", "threadName": "MainThread", "process": 14, "module": "api", "otelTraceSampled": false}
{"asctime": "2024-04-29 15:36:08,677", "message": "Starting workflows scheduler", "levelname": "INFO", "name": "keep.workflowmanager.workflowscheduler", "filename": "workflowscheduler.py", "otelTraceID": "0", "otelSpanID": "0", "otelServiceName": "keep-api", "threadName": "MainThread", "process": 11, "module": "workflowscheduler", "otelTraceSampled": false}
{"asctime": "2024-04-29 15:36:08,678", "message": "Starting workflows scheduler", "levelname": "INFO", "name": "keep.workflowmanager.workflowscheduler", "filename": "workflowscheduler.py", "otelTraceID": "0", "otelSpanID": "0", "otelServiceName": "keep-api", "threadName": "Thread-2 (_start)", "process": 11, "module": "workflowscheduler", "otelTraceSampled": false}
{"asctime": "2024-04-29 15:36:08,681", "message": "Workflows scheduler started", "levelname": "INFO", "name": "keep.workflowmanager.workflowscheduler", "filename": "workflowscheduler.py", "otelTraceID": "0", "otelSpanID": "0", "otelServiceName": "keep-api", "threadName": "MainThread", "process": 12, "module": "workflowscheduler", "otelTraceSampled": false}
{"asctime": "2024-04-29 15:36:08,681", "message": "Scheduler started successfully", "levelname": "INFO", "name": "keep.api.api", "filename": "api.py", "otelTraceID": "0", "otelSpanID": "0", "otelServiceName": "keep-api", "threadName": "MainThread", "process": 12, "module": "api", "otelTraceSampled": false}
{"asctime": "2024-04-29 15:36:08,681", "message": "Workflows scheduler started", "levelname": "INFO", "name": "keep.workflowmanager.workflowscheduler", "filename": "workflowscheduler.py", "otelTraceID": "0", "otelSpanID": "0", "otelServiceName": "keep-api", "threadName": "MainThread", "process": 13, "module": "workflowscheduler", "otelTraceSampled": false}
{"asctime": "2024-04-29 15:36:08,681", "message": "Starting the consumer", "levelname": "INFO", "name": "keep.api.api", "filename": "api.py", "otelTraceID": "0", "otelSpanID": "0", "otelServiceName": "keep-api", "threadName": "MainThread", "process": 12, "module": "api", "otelTraceSampled": false}
{"asctime": "2024-04-29 15:36:08,681", "message": "Scheduler started successfully", "levelname": "INFO", "name": "keep.api.api", "filename": "api.py", "otelTraceID": "0", "otelSpanID": "0", "otelServiceName": "keep-api", "threadName": "MainThread", "process": 13, "module": "api", "otelTraceSampled": false}
{"asctime": "2024-04-29 15:36:08,682", "message": "Starting the consumer", "levelname": "INFO", "name": "keep.api.api", "filename": "api.py", "otelTraceID": "0", "otelSpanID": "0", "otelServiceName": "keep-api", "threadName": "MainThread", "process": 13, "module": "api", "otelTraceSampled": false}
{"asctime": "2024-04-29 15:36:08,682", "message": "Starting event subscriber", "levelname": "INFO", "name": "keep.event_subscriber.event_subscriber", "filename": "event_subscriber.py", "otelTraceID": "0", "otelSpanID": "0", "otelServiceName": "keep-api", "threadName": "MainThread", "process": 12, "module": "event_subscriber", "otelTraceSampled": false}
{"asctime": "2024-04-29 15:36:08,682", "message": "Starting event subscriber", "levelname": "INFO", "name": "keep.event_subscriber.event_subscriber", "filename": "event_subscriber.py", "otelTraceID": "0", "otelSpanID": "0", "otelServiceName": "keep-api", "threadName": "MainThread", "process": 13, "module": "event_subscriber", "otelTraceSampled": false}
{"asctime": "2024-04-29 15:36:08,682", "message": "Starting event subscriber", "levelname": "INFO", "name": "keep.event_subscriber.event_subscriber", "filename": "event_subscriber.py", "otelTraceID": "0", "otelSpanID": "0", "otelServiceName": "keep-api", "threadName": "MainThread", "process": 14, "module": "event_subscriber", "otelTraceSampled": false}
{"asctime": "2024-04-29 15:36:08,684", "message": "Workflows scheduler started", "levelname": "INFO", "name": "keep.workflowmanager.workflowscheduler", "filename": "workflowscheduler.py", "otelTraceID": "0", "otelSpanID": "0", "otelServiceName": "keep-api", "threadName": "MainThread", "process": 11, "module": "workflowscheduler", "otelTraceSampled": false}
{"asctime": "2024-04-29 15:36:08,685", "message": "Scheduler started successfully", "levelname": "INFO", "name": "keep.api.api", "filename": "api.py", "otelTraceID": "0", "otelSpanID": "0", "otelServiceName": "keep-api", "threadName": "MainThread", "process": 11, "module": "api", "otelTraceSampled": false}
{"asctime": "2024-04-29 15:36:08,689", "message": "Starting the consumer", "levelname": "INFO", "name": "keep.api.api", "filename": "api.py", "otelTraceID": "0", "otelSpanID": "0", "otelServiceName": "keep-api", "threadName": "MainThread", "process": 11, "module": "api", "otelTraceSampled": false}
{"asctime": "2024-04-29 15:36:08,691", "message": "Starting event subscriber", "levelname": "INFO", "name": "keep.event_subscriber.event_subscriber", "filename": "event_subscriber.py", "otelTraceID": "0", "otelSpanID": "0", "otelServiceName": "keep-api", "threadName": "MainThread", "process": 11, "module": "event_subscriber", "otelTraceSampled": false}
{"asctime": "2024-04-29 15:36:08,709", "message": "Consumer started successfully", "levelname": "INFO", "name": "keep.api.api", "filename": "api.py", "otelTraceID": "0", "otelSpanID": "0", "otelServiceName": "keep-api", "threadName": "MainThread", "process": 12, "module": "api", "otelTraceSampled": false}
{"asctime": "2024-04-29 15:36:08,709", "message": "Services started successfully", "levelname": "INFO", "name": "keep.api.api", "filename": "api.py", "otelTraceID": "0", "otelSpanID": "0", "otelServiceName": "keep-api", "threadName": "MainThread", "process": 12, "module": "api", "otelTraceSampled": false}
[2024-04-29 15:36:08 +0000] [12] [INFO] Application startup complete.
{"asctime": "2024-04-29 15:36:08,709", "message": "Consumer started successfully", "levelname": "INFO", "name": "keep.api.api", "filename": "api.py", "otelTraceID": "0", "otelSpanID": "0", "otelServiceName": "keep-api", "threadName": "MainThread", "process": 14, "module": "api", "otelTraceSampled": false}
{"asctime": "2024-04-29 15:36:08,710", "message": "Services started successfully", "levelname": "INFO", "name": "keep.api.api", "filename": "api.py", "otelTraceID": "0", "otelSpanID": "0", "otelServiceName": "keep-api", "threadName": "MainThread", "process": 14, "module": "api", "otelTraceSampled": false}
[2024-04-29 15:36:08 +0000] [14] [INFO] Application startup complete.
{"asctime": "2024-04-29 15:36:08,714", "message": "Consumer started successfully", "levelname": "INFO", "name": "keep.api.api", "filename": "api.py", "otelTraceID": "0", "otelSpanID": "0", "otelServiceName": "keep-api", "threadName": "MainThread", "process": 13, "module": "api", "otelTraceSampled": false}
{"asctime": "2024-04-29 15:36:08,715", "message": "Services started successfully", "levelname": "INFO", "name": "keep.api.api", "filename": "api.py", "otelTraceID": "0", "otelSpanID": "0", "otelServiceName": "keep-api", "threadName": "MainThread", "process": 13, "module": "api", "otelTraceSampled": false}
[2024-04-29 15:36:08 +0000] [13] [INFO] Application startup complete.
{"asctime": "2024-04-29 15:36:08,717", "message": "Consumer started successfully", "levelname": "INFO", "name": "keep.api.api", "filename": "api.py", "otelTraceID": "0", "otelSpanID": "0", "otelServiceName": "keep-api", "threadName": "MainThread", "process": 11, "module": "api", "otelTraceSampled": false}
{"asctime": "2024-04-29 15:36:08,718", "message": "Services started successfully", "levelname": "INFO", "name": "keep.api.api", "filename": "api.py", "otelTraceID": "0", "otelSpanID": "0", "otelServiceName": "keep-api", "threadName": "MainThread", "process": 11, "module": "api", "otelTraceSampled": false}
[2024-04-29 15:36:08 +0000] [11] [INFO] Application startup complete.
{"asctime": "2024-04-29 15:36:08,727", "message": "Request started: GET /preset", "levelname": "INFO", "name": "keep.api.api", "filename": "api.py", "otelTraceID": "7f3d43ebfe302d3af2e97165be370d64", "otelSpanID": "233d2f2169e66865", "otelServiceName": "keep-api", "threadName": "MainThread", "process": 12, "module": "api", "otelTraceSampled": true}
{"asctime": "2024-04-29 15:36:08,728", "message": "Request started: GET /providers", "levelname": "INFO", "name": "keep.api.api", "filename": "api.py", "otelTraceID": "f16533dd4aea43fa75830b3d104575ba", "otelSpanID": "1e89fddfefb46f1e", "otelServiceName": "keep-api", "threadName": "MainThread", "process": 12, "module": "api", "otelTraceSampled": true}
{"asctime": "2024-04-29 15:36:08,737", "message": "Getting installed providers", "levelname": "INFO", "name": "keep.api.routes.providers", "filename": "providers.py", "otelTraceID": "f16533dd4aea43fa75830b3d104575ba", "otelSpanID": "1e89fddfefb46f1e", "otelServiceName": "keep-api", "threadName": "AnyIO worker thread", "process": 12, "module": "providers", "otelTraceSampled": true, "tenant_id": "keep"}
{"asctime": "2024-04-29 15:36:08,738", "message": "Using cached providers", "levelname": "INFO", "name": "keep.providers.providers_factory", "filename": "providers_factory.py", "otelTraceID": "f16533dd4aea43fa75830b3d104575ba", "otelSpanID": "1e89fddfefb46f1e", "otelServiceName": "keep-api", "threadName": "AnyIO worker thread", "process": 12, "module": "providers_factory", "otelTraceSampled": true}
{"asctime": "2024-04-29 15:36:08,751", "message": "Getting all presets", "levelname": "INFO", "name": "keep.api.routes.preset", "filename": "preset.py", "otelTraceID": "7f3d43ebfe302d3af2e97165be370d64", "otelSpanID": "233d2f2169e66865", "otelServiceName": "keep-api", "threadName": "AnyIO worker thread", "process": 12, "module": "preset", "otelTraceSampled": true}
{"asctime": "2024-04-29 15:36:08,773", "message": "Using cached providers", "levelname": "INFO", "name": "keep.providers.providers_factory", "filename": "providers_factory.py", "otelTraceID": "f16533dd4aea43fa75830b3d104575ba", "otelSpanID": "1e89fddfefb46f1e", "otelServiceName": "keep-api", "threadName": "AnyIO worker thread", "process": 12, "module": "providers_factory", "otelTraceSampled": true}
{"asctime": "2024-04-29 15:36:08,785", "message": "Got all presets", "levelname": "INFO", "name": "keep.api.routes.preset", "filename": "preset.py", "otelTraceID": "7f3d43ebfe302d3af2e97165be370d64", "otelSpanID": "233d2f2169e66865", "otelServiceName": "keep-api", "threadName": "AnyIO worker thread", "process": 12, "module": "preset", "otelTraceSampled": true}
{"asctime": "2024-04-29 15:36:08,833", "message": "Request finished: GET /providers 200", "levelname": "INFO", "name": "keep.api.api", "filename": "api.py", "otelTraceID": "f16533dd4aea43fa75830b3d104575ba", "otelSpanID": "1e89fddfefb46f1e", "otelServiceName": "keep-api", "threadName": "MainThread", "process": 12, "module": "api", "otelTraceSampled": true}
{"asctime": "2024-04-29 15:36:08,847", "message": "Request finished: GET /preset 200", "levelname": "INFO", "name": "keep.api.api", "filename": "api.py", "otelTraceID": "7f3d43ebfe302d3af2e97165be370d64", "otelSpanID": "233d2f2169e66865", "otelServiceName": "keep-api", "threadName": "MainThread", "process": 12, "module": "api", "otelTraceSampled": true}
{"asctime": "2024-04-29 15:44:34,749", "message": "Request started: GET /preset", "levelname": "INFO", "name": "keep.api.api", "filename": "api.py", "otelTraceID": "03908e4130ddbe840e86a1db97c0e156", "otelSpanID": "c2340d972f129838", "otelServiceName": "keep-api", "threadName": "MainThread", "process": 12, "module": "api", "otelTraceSampled": true}
{"asctime": "2024-04-29 15:44:34,754", "message": "Getting all presets", "levelname": "INFO", "name": "keep.api.routes.preset", "filename": "preset.py", "otelTraceID": "03908e4130ddbe840e86a1db97c0e156", "otelSpanID": "c2340d972f129838", "otelServiceName": "keep-api", "threadName": "AnyIO worker thread", "process": 12, "module": "preset", "otelTraceSampled": true}
{"asctime": "2024-04-29 15:44:34,758", "message": "Got all presets", "levelname": "INFO", "name": "keep.api.routes.preset", "filename": "preset.py", "otelTraceID": "03908e4130ddbe840e86a1db97c0e156", "otelSpanID": "c2340d972f129838", "otelServiceName": "keep-api", "threadName": "AnyIO worker thread", "process": 12, "module": "preset", "otelTraceSampled": true}
{"asctime": "2024-04-29 15:44:34,764", "message": "Request finished: GET /preset 200", "levelname": "INFO", "name": "keep.api.api", "filename": "api.py", "otelTraceID": "03908e4130ddbe840e86a1db97c0e156", "otelSpanID": "c2340d972f129838", "otelServiceName": "keep-api", "threadName": "MainThread", "process": 12, "module": "api", "otelTraceSampled": true}
[2024-04-29 15:45:44 +0000] [1] [INFO] Handling signal: term
[2024-04-29 15:45:44 +0000] [14] [INFO] Shutting down
[2024-04-29 15:45:44 +0000] [13] [INFO] Shutting down
[2024-04-29 15:45:44 +0000] [11] [INFO] Shutting down
[2024-04-29 15:45:44 +0000] [12] [INFO] Shutting down
[2024-04-29 15:45:44 +0000] [14] [INFO] Waiting for application shutdown.
[2024-04-29 15:45:44 +0000] [14] [INFO] Application shutdown complete.
[2024-04-29 15:45:44 +0000] [14] [INFO] Finished server process [14]
[2024-04-29 15:45:44 +0000] [14] [INFO] Worker exiting (pid: 14)
[2024-04-29 15:45:44 +0000] [13] [INFO] Waiting for application shutdown.
[2024-04-29 15:45:44 +0000] [13] [INFO] Application shutdown complete.
[2024-04-29 15:45:44 +0000] [13] [INFO] Finished server process [13]
[2024-04-29 15:45:44 +0000] [11] [INFO] Waiting for application shutdown.
[2024-04-29 15:45:44 +0000] [11] [INFO] Application shutdown complete.
[2024-04-29 15:45:44 +0000] [11] [INFO] Finished server process [11]
[2024-04-29 15:45:44 +0000] [11] [INFO] Worker exiting (pid: 11)
[2024-04-29 15:45:44 +0000] [13] [INFO] Worker exiting (pid: 13)
[2024-04-29 15:45:44 +0000] [12] [INFO] Waiting for application shutdown.
[2024-04-29 15:45:44 +0000] [12] [INFO] Application shutdown complete.
[2024-04-29 15:45:44 +0000] [12] [INFO] Finished server process [12]
[2024-04-29 15:45:44 +0000] [12] [INFO] Worker exiting (pid: 12)
[2024-04-30 04:13:35 +0000] [1] [INFO] Starting gunicorn 22.0.0
{"asctime": "2024-04-30 04:13:35,625", "message": "Keep server starting", "levelname": "INFO", "name": "__config__", "filename": "config.py", "otelTraceID": null, "otelSpanID": null, "otelServiceName": null, "threadName": "MainThread", "process": 1, "module": "config"}
{"asctime": "2024-04-30 04:13:35,629", "message": "Migrating WorkflowToAlertExecution table", "levelname": "INFO", "name": "keep.api.core.db", "filename": "db.py", "otelTraceID": null, "otelSpanID": null, "otelServiceName": null, "threadName": "MainThread", "process": 1, "module": "db"}
{"asctime": "2024-04-30 04:13:35,685", "message": "Failed to migrate table", "levelname": "ERROR", "name": "keep.api.core.db", "filename": "db.py", "otelTraceID": null, "otelSpanID": null, "otelServiceName": null, "threadName": "MainThread", "process": 1, "module": "db", "exc_info": "Traceback (most recent call last):\n  File \"/venv/lib/python3.11/site-packages/sqlalchemy/engine/base.py\", line 1900, in _execute_context\n    self.dialect.do_execute(\n  File \"/venv/lib/python3.11/site-packages/sqlalchemy/engine/default.py\", line 736, in do_execute\n    cursor.execute(statement, parameters)\nsqlite3.OperationalError: no such table: information_schema.KEY_COLUMN_USAGE\n\nThe above exception was the direct cause of the following exception:\n\nTraceback (most recent call last):\n  File \"/venv/lib/python3.11/site-packages/keep/api/core/db.py\", line 146, in create_db_and_tables\n    results = session.exec(\n              ^^^^^^^^^^^^^\n  File \"/venv/lib/python3.11/site-packages/sqlmodel/orm/session.py\", line 60, in exec\n    results = super().execute(\n              ^^^^^^^^^^^^^^^^\n  File \"/venv/lib/python3.11/site-packages/sqlalchemy/orm/session.py\", line 1712, in execute\n    result = conn._execute_20(statement, params or {}, execution_options)\n             ^^^^^^^^^^^^^^^^^^^^^^^^^^^^^^^^^^^^^^^^^^^^^^^^^^^^^^^^^^^^\n  File \"/venv/lib/python3.11/site-packages/sqlalchemy/engine/base.py\", line 1705, in _execute_20\n    return meth(self, args_10style, kwargs_10style, execution_options)\n           ^^^^^^^^^^^^^^^^^^^^^^^^^^^^^^^^^^^^^^^^^^^^^^^^^^^^^^^^^^^\n  File \"/venv/lib/python3.11/site-packages/sqlalchemy/sql/elements.py\", line 333, in _execute_on_connection\n    return connection._execute_clauseelement(\n           ^^^^^^^^^^^^^^^^^^^^^^^^^^^^^^^^^^\n  File \"/venv/lib/python3.11/site-packages/sqlalchemy/engine/base.py\", line 1572, in _execute_clauseelement\n    ret = self._execute_context(\n          ^^^^^^^^^^^^^^^^^^^^^^\n  File \"/venv/lib/python3.11/site-packages/sqlalchemy/engine/base.py\", line 1943, in _execute_context\n    self._handle_dbapi_exception(\n  File \"/venv/lib/python3.11/site-packages/sqlalchemy/engine/base.py\", line 2124, in _handle_dbapi_exception\n    util.raise_(\n  File \"/venv/lib/python3.11/site-packages/sqlalchemy/util/compat.py\", line 208, in raise_\n    raise exception\n  File \"/venv/lib/python3.11/site-packages/sqlalchemy/engine/base.py\", line 1900, in _execute_context\n    self.dialect.do_execute(\n  File \"/venv/lib/python3.11/site-packages/sqlalchemy/engine/default.py\", line 736, in do_execute\n    cursor.execute(statement, parameters)\nsqlalchemy.exc.OperationalError: (sqlite3.OperationalError) no such table: information_schema.KEY_COLUMN_USAGE\n[SQL: SELECT CONSTRAINT_NAME FROM information_schema.KEY_COLUMN_USAGE  WHERE TABLE_SCHEMA = './db.sqlite3'  AND TABLE_NAME = 'workflowtoalertexecution' AND COLUMN_NAME = 'alert_fingerprint' /*db_driver='pysqlite',db_framework='sqlalchemy%%3A0.41b0'*/;]\n(Background on this error at: https://sqlalche.me/e/14/e3q8)"}
{"asctime": "2024-04-30 04:13:35,713", "message": "Failed to migrate workflowexecution table", "levelname": "ERROR", "name": "keep.api.core.db", "filename": "db.py", "otelTraceID": null, "otelSpanID": null, "otelServiceName": null, "threadName": "MainThread", "process": 1, "module": "db", "exc_info": "Traceback (most recent call last):\n  File \"/venv/lib/python3.11/site-packages/sqlalchemy/engine/base.py\", line 1900, in _execute_context\n    self.dialect.do_execute(\n  File \"/venv/lib/python3.11/site-packages/sqlalchemy/engine/default.py\", line 736, in do_execute\n    cursor.execute(statement, parameters)\nsqlite3.OperationalError: duplicate column name: is_running\n\nThe above exception was the direct cause of the following exception:\n\nTraceback (most recent call last):\n  File \"/venv/lib/python3.11/site-packages/keep/api/core/db.py\", line 258, in create_db_and_tables\n    session.exec(\n  File \"/venv/lib/python3.11/site-packages/sqlmodel/orm/session.py\", line 60, in exec\n    results = super().execute(\n              ^^^^^^^^^^^^^^^^\n  File \"/venv/lib/python3.11/site-packages/sqlalchemy/orm/session.py\", line 1712, in execute\n    result = conn._execute_20(statement, params or {}, execution_options)\n             ^^^^^^^^^^^^^^^^^^^^^^^^^^^^^^^^^^^^^^^^^^^^^^^^^^^^^^^^^^^^\n  File \"/venv/lib/python3.11/site-packages/sqlalchemy/engine/base.py\", line 1705, in _execute_20\n    return meth(self, args_10style, kwargs_10style, execution_options)\n           ^^^^^^^^^^^^^^^^^^^^^^^^^^^^^^^^^^^^^^^^^^^^^^^^^^^^^^^^^^^\n  File \"/venv/lib/python3.11/site-packages/sqlalchemy/sql/elements.py\", line 333, in _execute_on_connection\n    return connection._execute_clauseelement(\n           ^^^^^^^^^^^^^^^^^^^^^^^^^^^^^^^^^^\n  File \"/venv/lib/python3.11/site-packages/sqlalchemy/engine/base.py\", line 1572, in _execute_clauseelement\n    ret = self._execute_context(\n          ^^^^^^^^^^^^^^^^^^^^^^\n  File \"/venv/lib/python3.11/site-packages/sqlalchemy/engine/base.py\", line 1943, in _execute_context\n    self._handle_dbapi_exception(\n  File \"/venv/lib/python3.11/site-packages/sqlalchemy/engine/base.py\", line 2124, in _handle_dbapi_exception\n    util.raise_(\n  File \"/venv/lib/python3.11/site-packages/sqlalchemy/util/compat.py\", line 208, in raise_\n    raise exception\n  File \"/venv/lib/python3.11/site-packages/sqlalchemy/engine/base.py\", line 1900, in _execute_context\n    self.dialect.do_execute(\n  File \"/venv/lib/python3.11/site-packages/sqlalchemy/engine/default.py\", line 736, in do_execute\n    cursor.execute(statement, parameters)\nsqlalchemy.exc.OperationalError: (sqlite3.OperationalError) duplicate column name: is_running\n[SQL: ALTER TABLE workflowexecution ADD COLUMN is_running INTEGER DEFAULT 1, ADD COLUMN timeslot INTEGER /*db_driver='pysqlite',db_framework='sqlalchemy%%3A0.41b0'*/;]\n(Background on this error at: https://sqlalche.me/e/14/e3q8)"}
{"asctime": "2024-04-30 04:13:35,735", "message": "Migrating WorkflowToAlertExecution table", "levelname": "INFO", "name": "keep.api.core.db", "filename": "db.py", "otelTraceID": null, "otelSpanID": null, "otelServiceName": null, "threadName": "MainThread", "process": 1, "module": "db"}
{"asctime": "2024-04-30 04:13:35,739", "message": "Failed to migrate table", "levelname": "ERROR", "name": "keep.api.core.db", "filename": "db.py", "otelTraceID": null, "otelSpanID": null, "otelServiceName": null, "threadName": "MainThread", "process": 1, "module": "db", "exc_info": "Traceback (most recent call last):\n  File \"/venv/lib/python3.11/site-packages/sqlalchemy/engine/base.py\", line 1900, in _execute_context\n    self.dialect.do_execute(\n  File \"/venv/lib/python3.11/site-packages/sqlalchemy/engine/default.py\", line 736, in do_execute\n    cursor.execute(statement, parameters)\nsqlite3.OperationalError: no such table: information_schema.KEY_COLUMN_USAGE\n\nThe above exception was the direct cause of the following exception:\n\nTraceback (most recent call last):\n  File \"/venv/lib/python3.11/site-packages/keep/api/core/db.py\", line 146, in create_db_and_tables\n    results = session.exec(\n              ^^^^^^^^^^^^^\n  File \"/venv/lib/python3.11/site-packages/sqlmodel/orm/session.py\", line 60, in exec\n    results = super().execute(\n              ^^^^^^^^^^^^^^^^\n  File \"/venv/lib/python3.11/site-packages/sqlalchemy/orm/session.py\", line 1712, in execute\n    result = conn._execute_20(statement, params or {}, execution_options)\n             ^^^^^^^^^^^^^^^^^^^^^^^^^^^^^^^^^^^^^^^^^^^^^^^^^^^^^^^^^^^^\n  File \"/venv/lib/python3.11/site-packages/sqlalchemy/engine/base.py\", line 1705, in _execute_20\n    return meth(self, args_10style, kwargs_10style, execution_options)\n           ^^^^^^^^^^^^^^^^^^^^^^^^^^^^^^^^^^^^^^^^^^^^^^^^^^^^^^^^^^^\n  File \"/venv/lib/python3.11/site-packages/sqlalchemy/sql/elements.py\", line 333, in _execute_on_connection\n    return connection._execute_clauseelement(\n           ^^^^^^^^^^^^^^^^^^^^^^^^^^^^^^^^^^\n  File \"/venv/lib/python3.11/site-packages/sqlalchemy/engine/base.py\", line 1572, in _execute_clauseelement\n    ret = self._execute_context(\n          ^^^^^^^^^^^^^^^^^^^^^^\n  File \"/venv/lib/python3.11/site-packages/sqlalchemy/engine/base.py\", line 1943, in _execute_context\n    self._handle_dbapi_exception(\n  File \"/venv/lib/python3.11/site-packages/sqlalchemy/engine/base.py\", line 2124, in _handle_dbapi_exception\n    util.raise_(\n  File \"/venv/lib/python3.11/site-packages/sqlalchemy/util/compat.py\", line 208, in raise_\n    raise exception\n  File \"/venv/lib/python3.11/site-packages/sqlalchemy/engine/base.py\", line 1900, in _execute_context\n    self.dialect.do_execute(\n  File \"/venv/lib/python3.11/site-packages/sqlalchemy/engine/default.py\", line 736, in do_execute\n    cursor.execute(statement, parameters)\nsqlalchemy.exc.OperationalError: (sqlite3.OperationalError) no such table: information_schema.KEY_COLUMN_USAGE\n[SQL: SELECT CONSTRAINT_NAME FROM information_schema.KEY_COLUMN_USAGE  WHERE TABLE_SCHEMA = './db.sqlite3'  AND TABLE_NAME = 'workflowtoalertexecution' AND COLUMN_NAME = 'alert_fingerprint' /*db_driver='pysqlite',db_framework='sqlalchemy%%3A0.41b0'*/;]\n(Background on this error at: https://sqlalche.me/e/14/e3q8)"}
{"asctime": "2024-04-30 04:13:35,748", "message": "Failed to migrate workflowexecution table", "levelname": "ERROR", "name": "keep.api.core.db", "filename": "db.py", "otelTraceID": null, "otelSpanID": null, "otelServiceName": null, "threadName": "MainThread", "process": 1, "module": "db", "exc_info": "Traceback (most recent call last):\n  File \"/venv/lib/python3.11/site-packages/sqlalchemy/engine/base.py\", line 1900, in _execute_context\n    self.dialect.do_execute(\n  File \"/venv/lib/python3.11/site-packages/sqlalchemy/engine/default.py\", line 736, in do_execute\n    cursor.execute(statement, parameters)\nsqlite3.OperationalError: duplicate column name: is_running\n\nThe above exception was the direct cause of the following exception:\n\nTraceback (most recent call last):\n  File \"/venv/lib/python3.11/site-packages/keep/api/core/db.py\", line 258, in create_db_and_tables\n    session.exec(\n  File \"/venv/lib/python3.11/site-packages/sqlmodel/orm/session.py\", line 60, in exec\n    results = super().execute(\n              ^^^^^^^^^^^^^^^^\n  File \"/venv/lib/python3.11/site-packages/sqlalchemy/orm/session.py\", line 1712, in execute\n    result = conn._execute_20(statement, params or {}, execution_options)\n             ^^^^^^^^^^^^^^^^^^^^^^^^^^^^^^^^^^^^^^^^^^^^^^^^^^^^^^^^^^^^\n  File \"/venv/lib/python3.11/site-packages/sqlalchemy/engine/base.py\", line 1705, in _execute_20\n    return meth(self, args_10style, kwargs_10style, execution_options)\n           ^^^^^^^^^^^^^^^^^^^^^^^^^^^^^^^^^^^^^^^^^^^^^^^^^^^^^^^^^^^\n  File \"/venv/lib/python3.11/site-packages/sqlalchemy/sql/elements.py\", line 333, in _execute_on_connection\n    return connection._execute_clauseelement(\n           ^^^^^^^^^^^^^^^^^^^^^^^^^^^^^^^^^^\n  File \"/venv/lib/python3.11/site-packages/sqlalchemy/engine/base.py\", line 1572, in _execute_clauseelement\n    ret = self._execute_context(\n          ^^^^^^^^^^^^^^^^^^^^^^\n  File \"/venv/lib/python3.11/site-packages/sqlalchemy/engine/base.py\", line 1943, in _execute_context\n    self._handle_dbapi_exception(\n  File \"/venv/lib/python3.11/site-packages/sqlalchemy/engine/base.py\", line 2124, in _handle_dbapi_exception\n    util.raise_(\n  File \"/venv/lib/python3.11/site-packages/sqlalchemy/util/compat.py\", line 208, in raise_\n    raise exception\n  File \"/venv/lib/python3.11/site-packages/sqlalchemy/engine/base.py\", line 1900, in _execute_context\n    self.dialect.do_execute(\n  File \"/venv/lib/python3.11/site-packages/sqlalchemy/engine/default.py\", line 736, in do_execute\n    cursor.execute(statement, parameters)\nsqlalchemy.exc.OperationalError: (sqlite3.OperationalError) duplicate column name: is_running\n[SQL: ALTER TABLE workflowexecution ADD COLUMN is_running INTEGER DEFAULT 1, ADD COLUMN timeslot INTEGER /*db_driver='pysqlite',db_framework='sqlalchemy%%3A0.41b0'*/;]\n(Background on this error at: https://sqlalche.me/e/14/e3q8)"}
{"asctime": "2024-04-30 04:13:35,815", "message": "Single tenant already exists", "levelname": "INFO", "name": "keep.api.core.db", "filename": "db.py", "otelTraceID": null, "otelSpanID": null, "otelServiceName": null, "threadName": "MainThread", "process": 1, "module": "db"}
{"asctime": "2024-04-30 04:13:35,818", "message": "Keep server started", "levelname": "INFO", "name": "__config__", "filename": "config.py", "otelTraceID": null, "otelSpanID": null, "otelServiceName": null, "threadName": "MainThread", "process": 1, "module": "config"}
[2024-04-30 04:13:35 +0000] [1] [INFO] Listening at: http://0.0.0.0:8080 (1)
[2024-04-30 04:13:35 +0000] [1] [INFO] Using worker: uvicorn.workers.UvicornWorker
[2024-04-30 04:13:35 +0000] [11] [INFO] Booting worker with pid: 11
[2024-04-30 04:13:35 +0000] [12] [INFO] Booting worker with pid: 12
{"asctime": "2024-04-30 04:13:35,921", "message": "Starting Keep with http://0.0.0.0:8080 as URL", "levelname": "INFO", "name": "keep.api.api", "filename": "api.py", "otelTraceID": null, "otelSpanID": null, "otelServiceName": null, "threadName": "MainThread", "process": 11, "module": "api"}
{"asctime": "2024-04-30 04:13:35,963", "message": "Starting Keep with http://0.0.0.0:8080 as URL", "levelname": "INFO", "name": "keep.api.api", "filename": "api.py", "otelTraceID": null, "otelSpanID": null, "otelServiceName": null, "threadName": "MainThread", "process": 12, "module": "api"}
[2024-04-30 04:13:35 +0000] [13] [INFO] Booting worker with pid: 13
{"asctime": "2024-04-30 04:13:36,031", "message": "Starting Keep with http://0.0.0.0:8080 as URL", "levelname": "INFO", "name": "keep.api.api", "filename": "api.py", "otelTraceID": null, "otelSpanID": null, "otelServiceName": null, "threadName": "MainThread", "process": 13, "module": "api"}
[2024-04-30 04:13:36 +0000] [14] [INFO] Booting worker with pid: 14
{"asctime": "2024-04-30 04:13:36,130", "message": "Starting Keep with http://0.0.0.0:8080 as URL", "levelname": "INFO", "name": "keep.api.api", "filename": "api.py", "otelTraceID": null, "otelSpanID": null, "otelServiceName": null, "threadName": "MainThread", "process": 14, "module": "api"}
{"asctime": "2024-04-30 04:13:36,145", "message": "Starting Keep with authentication type: NO_AUTH", "levelname": "INFO", "name": "keep.api.api", "filename": "api.py", "otelTraceID": null, "otelSpanID": null, "otelServiceName": null, "threadName": "MainThread", "process": 12, "module": "api"}
[2024-04-30 04:13:36 +0000] [12] [WARNING] ASGI app factory detected. Using it, but please consider setting the --factory flag explicitly.
{"asctime": "2024-04-30 04:13:36,188", "message": "Starting Keep with authentication type: NO_AUTH", "levelname": "INFO", "name": "keep.api.api", "filename": "api.py", "otelTraceID": null, "otelSpanID": null, "otelServiceName": null, "threadName": "MainThread", "process": 11, "module": "api"}
[2024-04-30 04:13:36 +0000] [12] [INFO] Started server process [12]
[2024-04-30 04:13:36 +0000] [12] [INFO] Waiting for application startup.
{"asctime": "2024-04-30 04:13:36,203", "message": "Loading providers into cache", "levelname": "INFO", "name": "keep.api.api", "filename": "api.py", "otelTraceID": "0", "otelSpanID": "0", "otelServiceName": "keep-api", "threadName": "MainThread", "process": 12, "module": "api", "otelTraceSampled": false}
{"asctime": "2024-04-30 04:13:36,203", "message": "Loading providers", "levelname": "INFO", "name": "keep.providers.providers_factory", "filename": "providers_factory.py", "otelTraceID": "0", "otelSpanID": "0", "otelServiceName": "keep-api", "threadName": "MainThread", "process": 12, "module": "providers_factory", "otelTraceSampled": false}
{"asctime": "2024-04-30 04:13:36,228", "message": "Starting Keep with authentication type: NO_AUTH", "levelname": "INFO", "name": "keep.api.api", "filename": "api.py", "otelTraceID": null, "otelSpanID": null, "otelServiceName": null, "threadName": "MainThread", "process": 13, "module": "api"}
[2024-04-30 04:13:36 +0000] [11] [WARNING] ASGI app factory detected. Using it, but please consider setting the --factory flag explicitly.
[2024-04-30 04:13:36 +0000] [11] [INFO] Started server process [11]
[2024-04-30 04:13:36 +0000] [11] [INFO] Waiting for application startup.
{"asctime": "2024-04-30 04:13:36,270", "message": "Loading providers into cache", "levelname": "INFO", "name": "keep.api.api", "filename": "api.py", "otelTraceID": "0", "otelSpanID": "0", "otelServiceName": "keep-api", "threadName": "MainThread", "process": 11, "module": "api", "otelTraceSampled": false}
{"asctime": "2024-04-30 04:13:36,271", "message": "Loading providers", "levelname": "INFO", "name": "keep.providers.providers_factory", "filename": "providers_factory.py", "otelTraceID": "0", "otelSpanID": "0", "otelServiceName": "keep-api", "threadName": "MainThread", "process": 11, "module": "providers_factory", "otelTraceSampled": false}
[2024-04-30 04:13:36 +0000] [13] [WARNING] ASGI app factory detected. Using it, but please consider setting the --factory flag explicitly.
[2024-04-30 04:13:36 +0000] [13] [INFO] Started server process [13]
[2024-04-30 04:13:36 +0000] [13] [INFO] Waiting for application startup.
{"asctime": "2024-04-30 04:13:36,322", "message": "Loading providers into cache", "levelname": "INFO", "name": "keep.api.api", "filename": "api.py", "otelTraceID": "0", "otelSpanID": "0", "otelServiceName": "keep-api", "threadName": "MainThread", "process": 13, "module": "api", "otelTraceSampled": false}
{"asctime": "2024-04-30 04:13:36,322", "message": "Loading providers", "levelname": "INFO", "name": "keep.providers.providers_factory", "filename": "providers_factory.py", "otelTraceID": "0", "otelSpanID": "0", "otelServiceName": "keep-api", "threadName": "MainThread", "process": 13, "module": "providers_factory", "otelTraceSampled": false}
{"asctime": "2024-04-30 04:13:36,363", "message": "Starting Keep with authentication type: NO_AUTH", "levelname": "INFO", "name": "keep.api.api", "filename": "api.py", "otelTraceID": null, "otelSpanID": null, "otelServiceName": null, "threadName": "MainThread", "process": 14, "module": "api"}
[2024-04-30 04:13:36 +0000] [14] [WARNING] ASGI app factory detected. Using it, but please consider setting the --factory flag explicitly.
[2024-04-30 04:13:36 +0000] [14] [INFO] Started server process [14]
[2024-04-30 04:13:36 +0000] [14] [INFO] Waiting for application startup.
{"asctime": "2024-04-30 04:13:36,469", "message": "Loading providers into cache", "levelname": "INFO", "name": "keep.api.api", "filename": "api.py", "otelTraceID": "0", "otelSpanID": "0", "otelServiceName": "keep-api", "threadName": "MainThread", "process": 14, "module": "api", "otelTraceSampled": false}
{"asctime": "2024-04-30 04:13:36,469", "message": "Loading providers", "levelname": "INFO", "name": "keep.providers.providers_factory", "filename": "providers_factory.py", "otelTraceID": "0", "otelSpanID": "0", "otelServiceName": "keep-api", "threadName": "MainThread", "process": 14, "module": "providers_factory", "otelTraceSampled": false}
{"asctime": "2024-04-30 04:13:43,649", "message": "Providers loaded successfully", "levelname": "INFO", "name": "keep.api.api", "filename": "api.py", "otelTraceID": "0", "otelSpanID": "0", "otelServiceName": "keep-api", "threadName": "MainThread", "process": 11, "module": "api", "otelTraceSampled": false}
{"asctime": "2024-04-30 04:13:43,649", "message": "Providers loaded successfully", "levelname": "INFO", "name": "keep.api.api", "filename": "api.py", "otelTraceID": "0", "otelSpanID": "0", "otelServiceName": "keep-api", "threadName": "MainThread", "process": 14, "module": "api", "otelTraceSampled": false}
{"asctime": "2024-04-30 04:13:43,650", "message": "Starting the services", "levelname": "INFO", "name": "keep.api.api", "filename": "api.py", "otelTraceID": "0", "otelSpanID": "0", "otelServiceName": "keep-api", "threadName": "MainThread", "process": 11, "module": "api", "otelTraceSampled": false}
{"asctime": "2024-04-30 04:13:43,650", "message": "Starting the services", "levelname": "INFO", "name": "keep.api.api", "filename": "api.py", "otelTraceID": "0", "otelSpanID": "0", "otelServiceName": "keep-api", "threadName": "MainThread", "process": 14, "module": "api", "otelTraceSampled": false}
{"asctime": "2024-04-30 04:13:43,649", "message": "Providers loaded successfully", "levelname": "INFO", "name": "keep.api.api", "filename": "api.py", "otelTraceID": "0", "otelSpanID": "0", "otelServiceName": "keep-api", "threadName": "MainThread", "process": 13, "module": "api", "otelTraceSampled": false}
{"asctime": "2024-04-30 04:13:43,650", "message": "Starting the scheduler", "levelname": "INFO", "name": "keep.api.api", "filename": "api.py", "otelTraceID": "0", "otelSpanID": "0", "otelServiceName": "keep-api", "threadName": "MainThread", "process": 14, "module": "api", "otelTraceSampled": false}
{"asctime": "2024-04-30 04:13:43,650", "message": "Starting the scheduler", "levelname": "INFO", "name": "keep.api.api", "filename": "api.py", "otelTraceID": "0", "otelSpanID": "0", "otelServiceName": "keep-api", "threadName": "MainThread", "process": 11, "module": "api", "otelTraceSampled": false}
{"asctime": "2024-04-30 04:13:43,650", "message": "Starting the services", "levelname": "INFO", "name": "keep.api.api", "filename": "api.py", "otelTraceID": "0", "otelSpanID": "0", "otelServiceName": "keep-api", "threadName": "MainThread", "process": 13, "module": "api", "otelTraceSampled": false}
{"asctime": "2024-04-30 04:13:43,650", "message": "Starting workflows scheduler", "levelname": "INFO", "name": "keep.workflowmanager.workflowscheduler", "filename": "workflowscheduler.py", "otelTraceID": "0", "otelSpanID": "0", "otelServiceName": "keep-api", "threadName": "MainThread", "process": 14, "module": "workflowscheduler", "otelTraceSampled": false}
{"asctime": "2024-04-30 04:13:43,650", "message": "Starting the scheduler", "levelname": "INFO", "name": "keep.api.api", "filename": "api.py", "otelTraceID": "0", "otelSpanID": "0", "otelServiceName": "keep-api", "threadName": "MainThread", "process": 13, "module": "api", "otelTraceSampled": false}
{"asctime": "2024-04-30 04:13:43,650", "message": "Starting workflows scheduler", "levelname": "INFO", "name": "keep.workflowmanager.workflowscheduler", "filename": "workflowscheduler.py", "otelTraceID": "0", "otelSpanID": "0", "otelServiceName": "keep-api", "threadName": "MainThread", "process": 11, "module": "workflowscheduler", "otelTraceSampled": false}
{"asctime": "2024-04-30 04:13:43,651", "message": "Starting workflows scheduler", "levelname": "INFO", "name": "keep.workflowmanager.workflowscheduler", "filename": "workflowscheduler.py", "otelTraceID": "0", "otelSpanID": "0", "otelServiceName": "keep-api", "threadName": "Thread-2 (_start)", "process": 14, "module": "workflowscheduler", "otelTraceSampled": false}
{"asctime": "2024-04-30 04:13:43,651", "message": "Starting workflows scheduler", "levelname": "INFO", "name": "keep.workflowmanager.workflowscheduler", "filename": "workflowscheduler.py", "otelTraceID": "0", "otelSpanID": "0", "otelServiceName": "keep-api", "threadName": "MainThread", "process": 13, "module": "workflowscheduler", "otelTraceSampled": false}
{"asctime": "2024-04-30 04:13:43,652", "message": "Starting workflows scheduler", "levelname": "INFO", "name": "keep.workflowmanager.workflowscheduler", "filename": "workflowscheduler.py", "otelTraceID": "0", "otelSpanID": "0", "otelServiceName": "keep-api", "threadName": "Thread-2 (_start)", "process": 11, "module": "workflowscheduler", "otelTraceSampled": false}
{"asctime": "2024-04-30 04:13:43,653", "message": "Starting workflows scheduler", "levelname": "INFO", "name": "keep.workflowmanager.workflowscheduler", "filename": "workflowscheduler.py", "otelTraceID": "0", "otelSpanID": "0", "otelServiceName": "keep-api", "threadName": "Thread-2 (_start)", "process": 13, "module": "workflowscheduler", "otelTraceSampled": false}
{"asctime": "2024-04-30 04:13:43,651", "message": "Workflows scheduler started", "levelname": "INFO", "name": "keep.workflowmanager.workflowscheduler", "filename": "workflowscheduler.py", "otelTraceID": "0", "otelSpanID": "0", "otelServiceName": "keep-api", "threadName": "MainThread", "process": 14, "module": "workflowscheduler", "otelTraceSampled": false}
{"asctime": "2024-04-30 04:13:43,657", "message": "Scheduler started successfully", "levelname": "INFO", "name": "keep.api.api", "filename": "api.py", "otelTraceID": "0", "otelSpanID": "0", "otelServiceName": "keep-api", "threadName": "MainThread", "process": 14, "module": "api", "otelTraceSampled": false}
{"asctime": "2024-04-30 04:13:43,657", "message": "Starting the consumer", "levelname": "INFO", "name": "keep.api.api", "filename": "api.py", "otelTraceID": "0", "otelSpanID": "0", "otelServiceName": "keep-api", "threadName": "MainThread", "process": 14, "module": "api", "otelTraceSampled": false}
{"asctime": "2024-04-30 04:13:43,657", "message": "Starting event subscriber", "levelname": "INFO", "name": "keep.event_subscriber.event_subscriber", "filename": "event_subscriber.py", "otelTraceID": "0", "otelSpanID": "0", "otelServiceName": "keep-api", "threadName": "MainThread", "process": 14, "module": "event_subscriber", "otelTraceSampled": false}
{"asctime": "2024-04-30 04:13:43,658", "message": "Workflows scheduler started", "levelname": "INFO", "name": "keep.workflowmanager.workflowscheduler", "filename": "workflowscheduler.py", "otelTraceID": "0", "otelSpanID": "0", "otelServiceName": "keep-api", "threadName": "MainThread", "process": 11, "module": "workflowscheduler", "otelTraceSampled": false}
{"asctime": "2024-04-30 04:13:43,658", "message": "Scheduler started successfully", "levelname": "INFO", "name": "keep.api.api", "filename": "api.py", "otelTraceID": "0", "otelSpanID": "0", "otelServiceName": "keep-api", "threadName": "MainThread", "process": 11, "module": "api", "otelTraceSampled": false}
{"asctime": "2024-04-30 04:13:43,663", "message": "Workflows scheduler started", "levelname": "INFO", "name": "keep.workflowmanager.workflowscheduler", "filename": "workflowscheduler.py", "otelTraceID": "0", "otelSpanID": "0", "otelServiceName": "keep-api", "threadName": "MainThread", "process": 13, "module": "workflowscheduler", "otelTraceSampled": false}
{"asctime": "2024-04-30 04:13:43,664", "message": "Scheduler started successfully", "levelname": "INFO", "name": "keep.api.api", "filename": "api.py", "otelTraceID": "0", "otelSpanID": "0", "otelServiceName": "keep-api", "threadName": "MainThread", "process": 13, "module": "api", "otelTraceSampled": false}
{"asctime": "2024-04-30 04:13:43,664", "message": "Starting the consumer", "levelname": "INFO", "name": "keep.api.api", "filename": "api.py", "otelTraceID": "0", "otelSpanID": "0", "otelServiceName": "keep-api", "threadName": "MainThread", "process": 13, "module": "api", "otelTraceSampled": false}
{"asctime": "2024-04-30 04:13:43,664", "message": "Starting event subscriber", "levelname": "INFO", "name": "keep.event_subscriber.event_subscriber", "filename": "event_subscriber.py", "otelTraceID": "0", "otelSpanID": "0", "otelServiceName": "keep-api", "threadName": "MainThread", "process": 13, "module": "event_subscriber", "otelTraceSampled": false}
{"asctime": "2024-04-30 04:13:43,664", "message": "Starting the consumer", "levelname": "INFO", "name": "keep.api.api", "filename": "api.py", "otelTraceID": "0", "otelSpanID": "0", "otelServiceName": "keep-api", "threadName": "MainThread", "process": 11, "module": "api", "otelTraceSampled": false}
{"asctime": "2024-04-30 04:13:43,665", "message": "Starting event subscriber", "levelname": "INFO", "name": "keep.event_subscriber.event_subscriber", "filename": "event_subscriber.py", "otelTraceID": "0", "otelSpanID": "0", "otelServiceName": "keep-api", "threadName": "MainThread", "process": 11, "module": "event_subscriber", "otelTraceSampled": false}
{"asctime": "2024-04-30 04:13:43,682", "message": "Consumer started successfully", "levelname": "INFO", "name": "keep.api.api", "filename": "api.py", "otelTraceID": "0", "otelSpanID": "0", "otelServiceName": "keep-api", "threadName": "MainThread", "process": 14, "module": "api", "otelTraceSampled": false}
{"asctime": "2024-04-30 04:13:43,682", "message": "Services started successfully", "levelname": "INFO", "name": "keep.api.api", "filename": "api.py", "otelTraceID": "0", "otelSpanID": "0", "otelServiceName": "keep-api", "threadName": "MainThread", "process": 14, "module": "api", "otelTraceSampled": false}
[2024-04-30 04:13:43 +0000] [14] [INFO] Application startup complete.
{"asctime": "2024-04-30 04:13:43,685", "message": "Consumer started successfully", "levelname": "INFO", "name": "keep.api.api", "filename": "api.py", "otelTraceID": "0", "otelSpanID": "0", "otelServiceName": "keep-api", "threadName": "MainThread", "process": 11, "module": "api", "otelTraceSampled": false}
{"asctime": "2024-04-30 04:13:43,685", "message": "Services started successfully", "levelname": "INFO", "name": "keep.api.api", "filename": "api.py", "otelTraceID": "0", "otelSpanID": "0", "otelServiceName": "keep-api", "threadName": "MainThread", "process": 11, "module": "api", "otelTraceSampled": false}
[2024-04-30 04:13:43 +0000] [11] [INFO] Application startup complete.
{"asctime": "2024-04-30 04:13:43,692", "message": "Consumer started successfully", "levelname": "INFO", "name": "keep.api.api", "filename": "api.py", "otelTraceID": "0", "otelSpanID": "0", "otelServiceName": "keep-api", "threadName": "MainThread", "process": 13, "module": "api", "otelTraceSampled": false}
{"asctime": "2024-04-30 04:13:43,693", "message": "Services started successfully", "levelname": "INFO", "name": "keep.api.api", "filename": "api.py", "otelTraceID": "0", "otelSpanID": "0", "otelServiceName": "keep-api", "threadName": "MainThread", "process": 13, "module": "api", "otelTraceSampled": false}
[2024-04-30 04:13:43 +0000] [13] [INFO] Application startup complete.
{"asctime": "2024-04-30 04:13:43,721", "message": "Providers loaded successfully", "levelname": "INFO", "name": "keep.api.api", "filename": "api.py", "otelTraceID": "0", "otelSpanID": "0", "otelServiceName": "keep-api", "threadName": "MainThread", "process": 12, "module": "api", "otelTraceSampled": false}
{"asctime": "2024-04-30 04:13:43,721", "message": "Starting the services", "levelname": "INFO", "name": "keep.api.api", "filename": "api.py", "otelTraceID": "0", "otelSpanID": "0", "otelServiceName": "keep-api", "threadName": "MainThread", "process": 12, "module": "api", "otelTraceSampled": false}
{"asctime": "2024-04-30 04:13:43,721", "message": "Starting the scheduler", "levelname": "INFO", "name": "keep.api.api", "filename": "api.py", "otelTraceID": "0", "otelSpanID": "0", "otelServiceName": "keep-api", "threadName": "MainThread", "process": 12, "module": "api", "otelTraceSampled": false}
{"asctime": "2024-04-30 04:13:43,722", "message": "Starting workflows scheduler", "levelname": "INFO", "name": "keep.workflowmanager.workflowscheduler", "filename": "workflowscheduler.py", "otelTraceID": "0", "otelSpanID": "0", "otelServiceName": "keep-api", "threadName": "MainThread", "process": 12, "module": "workflowscheduler", "otelTraceSampled": false}
{"asctime": "2024-04-30 04:13:43,722", "message": "Starting workflows scheduler", "levelname": "INFO", "name": "keep.workflowmanager.workflowscheduler", "filename": "workflowscheduler.py", "otelTraceID": "0", "otelSpanID": "0", "otelServiceName": "keep-api", "threadName": "Thread-2 (_start)", "process": 12, "module": "workflowscheduler", "otelTraceSampled": false}
{"asctime": "2024-04-30 04:13:43,723", "message": "Workflows scheduler started", "levelname": "INFO", "name": "keep.workflowmanager.workflowscheduler", "filename": "workflowscheduler.py", "otelTraceID": "0", "otelSpanID": "0", "otelServiceName": "keep-api", "threadName": "MainThread", "process": 12, "module": "workflowscheduler", "otelTraceSampled": false}
{"asctime": "2024-04-30 04:13:43,731", "message": "Scheduler started successfully", "levelname": "INFO", "name": "keep.api.api", "filename": "api.py", "otelTraceID": "0", "otelSpanID": "0", "otelServiceName": "keep-api", "threadName": "MainThread", "process": 12, "module": "api", "otelTraceSampled": false}
{"asctime": "2024-04-30 04:13:43,731", "message": "Starting the consumer", "levelname": "INFO", "name": "keep.api.api", "filename": "api.py", "otelTraceID": "0", "otelSpanID": "0", "otelServiceName": "keep-api", "threadName": "MainThread", "process": 12, "module": "api", "otelTraceSampled": false}
{"asctime": "2024-04-30 04:13:43,732", "message": "Starting event subscriber", "levelname": "INFO", "name": "keep.event_subscriber.event_subscriber", "filename": "event_subscriber.py", "otelTraceID": "0", "otelSpanID": "0", "otelServiceName": "keep-api", "threadName": "MainThread", "process": 12, "module": "event_subscriber", "otelTraceSampled": false}
{"asctime": "2024-04-30 04:13:43,760", "message": "Consumer started successfully", "levelname": "INFO", "name": "keep.api.api", "filename": "api.py", "otelTraceID": "0", "otelSpanID": "0", "otelServiceName": "keep-api", "threadName": "MainThread", "process": 12, "module": "api", "otelTraceSampled": false}
{"asctime": "2024-04-30 04:13:43,761", "message": "Services started successfully", "levelname": "INFO", "name": "keep.api.api", "filename": "api.py", "otelTraceID": "0", "otelSpanID": "0", "otelServiceName": "keep-api", "threadName": "MainThread", "process": 12, "module": "api", "otelTraceSampled": false}
[2024-04-30 04:13:43 +0000] [12] [INFO] Application startup complete.

====================================================================================================================================================

Error: Missing getServerSnapshot, which is required for server-rendered content. Will revert to client rendering.
    at Object.useSyncExternalStore (/app/node_modules/next/dist/compiled/next-server/app-page.runtime.prod.js:12:41308)
    at t.useSyncExternalStore (/app/node_modules/next/dist/compiled/next-server/app-page.runtime.prod.js:12:110160)
    at a (/app/.next/server/chunks/1451.js:1:32739)
    at u (/app/.next/server/chunks/1451.js:1:19943)
    at nj (/app/node_modules/next/dist/compiled/next-server/app-page.runtime.prod.js:12:46251)
    at nM (/app/node_modules/next/dist/compiled/next-server/app-page.runtime.prod.js:12:47571)
    at nM (/app/node_modules/next/dist/compiled/next-server/app-page.runtime.prod.js:12:61546)
    at nN (/app/node_modules/next/dist/compiled/next-server/app-page.runtime.prod.js:12:64546)
    at nB (/app/node_modules/next/dist/compiled/next-server/app-page.runtime.prod.js:12:67538)
    at nD (/app/node_modules/next/dist/compiled/next-server/app-page.runtime.prod.js:12:66680) {
  digest: '1461024995'
}
Starting Nextjs [http://keep-backend:8080]
   Next.js 14.2.1
  - Local:        http://e88072e2e97e:3000
  - Network:      http://172.18.0.4:3000

  Starting...
  Ready in 148ms

